{"/Users/user/Documents/Projects/mkb/src/tests/auth.js":{"path":"/Users/user/Documents/Projects/mkb/src/tests/auth.js","statementMap":{"0":{"start":{"line":3,"column":12},"end":{"line":3,"column":51}},"1":{"start":{"line":5,"column":16},"end":{"line":5,"column":60}},"2":{"start":{"line":7,"column":11},"end":{"line":7,"column":52}},"3":{"start":{"line":9,"column":12},"end":{"line":9,"column":38}},"4":{"start":{"line":11,"column":39},"end":{"line":11,"column":93}},"5":{"start":{"line":16,"column":4},"end":{"line":16,"column":17}},"6":{"start":{"line":17,"column":0},"end":{"line":17,"column":9}},"7":{"start":{"line":19,"column":0},"end":{"line":19,"column":37}},"8":{"start":{"line":21,"column":12},"end":{"line":21,"column":25}},"9":{"start":{"line":22,"column":17},"end":{"line":22,"column":29}},"10":{"start":{"line":23,"column":0},"end":{"line":194,"column":3}},"11":{"start":{"line":24,"column":2},"end":{"line":148,"column":5}},"12":{"start":{"line":25,"column":4},"end":{"line":31,"column":7}},"13":{"start":{"line":26,"column":18},"end":{"line":26,"column":102}},"14":{"start":{"line":27,"column":6},"end":{"line":27,"column":34}},"15":{"start":{"line":28,"column":6},"end":{"line":28,"column":38}},"16":{"start":{"line":29,"column":6},"end":{"line":29,"column":44}},"17":{"start":{"line":30,"column":6},"end":{"line":30,"column":46}},"18":{"start":{"line":32,"column":4},"end":{"line":38,"column":7}},"19":{"start":{"line":33,"column":18},"end":{"line":33,"column":102}},"20":{"start":{"line":34,"column":6},"end":{"line":34,"column":34}},"21":{"start":{"line":35,"column":6},"end":{"line":35,"column":38}},"22":{"start":{"line":36,"column":6},"end":{"line":36,"column":44}},"23":{"start":{"line":37,"column":6},"end":{"line":37,"column":46}},"24":{"start":{"line":39,"column":4},"end":{"line":45,"column":7}},"25":{"start":{"line":40,"column":18},"end":{"line":40,"column":102}},"26":{"start":{"line":41,"column":6},"end":{"line":41,"column":34}},"27":{"start":{"line":42,"column":6},"end":{"line":42,"column":38}},"28":{"start":{"line":43,"column":6},"end":{"line":43,"column":44}},"29":{"start":{"line":44,"column":6},"end":{"line":44,"column":46}},"30":{"start":{"line":46,"column":4},"end":{"line":54,"column":7}},"31":{"start":{"line":47,"column":18},"end":{"line":47,"column":104}},"32":{"start":{"line":48,"column":6},"end":{"line":48,"column":34}},"33":{"start":{"line":49,"column":6},"end":{"line":49,"column":37}},"34":{"start":{"line":50,"column":6},"end":{"line":50,"column":46}},"35":{"start":{"line":51,"column":6},"end":{"line":51,"column":45}},"36":{"start":{"line":52,"column":6},"end":{"line":52,"column":44}},"37":{"start":{"line":53,"column":6},"end":{"line":53,"column":48}},"38":{"start":{"line":55,"column":4},"end":{"line":63,"column":7}},"39":{"start":{"line":56,"column":18},"end":{"line":56,"column":104}},"40":{"start":{"line":57,"column":6},"end":{"line":57,"column":34}},"41":{"start":{"line":58,"column":6},"end":{"line":58,"column":37}},"42":{"start":{"line":59,"column":6},"end":{"line":59,"column":46}},"43":{"start":{"line":60,"column":6},"end":{"line":60,"column":45}},"44":{"start":{"line":61,"column":6},"end":{"line":61,"column":44}},"45":{"start":{"line":62,"column":6},"end":{"line":62,"column":48}},"46":{"start":{"line":64,"column":4},"end":{"line":72,"column":7}},"47":{"start":{"line":65,"column":18},"end":{"line":65,"column":104}},"48":{"start":{"line":66,"column":6},"end":{"line":66,"column":34}},"49":{"start":{"line":67,"column":6},"end":{"line":67,"column":37}},"50":{"start":{"line":68,"column":6},"end":{"line":68,"column":46}},"51":{"start":{"line":69,"column":6},"end":{"line":69,"column":45}},"52":{"start":{"line":70,"column":6},"end":{"line":70,"column":44}},"53":{"start":{"line":71,"column":6},"end":{"line":71,"column":48}},"54":{"start":{"line":73,"column":4},"end":{"line":81,"column":7}},"55":{"start":{"line":74,"column":18},"end":{"line":74,"column":104}},"56":{"start":{"line":75,"column":6},"end":{"line":75,"column":34}},"57":{"start":{"line":76,"column":6},"end":{"line":76,"column":37}},"58":{"start":{"line":77,"column":6},"end":{"line":77,"column":46}},"59":{"start":{"line":78,"column":6},"end":{"line":78,"column":45}},"60":{"start":{"line":79,"column":6},"end":{"line":79,"column":44}},"61":{"start":{"line":80,"column":6},"end":{"line":80,"column":47}},"62":{"start":{"line":83,"column":4},"end":{"line":91,"column":7}},"63":{"start":{"line":84,"column":18},"end":{"line":84,"column":104}},"64":{"start":{"line":85,"column":6},"end":{"line":85,"column":34}},"65":{"start":{"line":86,"column":6},"end":{"line":86,"column":37}},"66":{"start":{"line":87,"column":6},"end":{"line":87,"column":46}},"67":{"start":{"line":88,"column":6},"end":{"line":88,"column":45}},"68":{"start":{"line":89,"column":6},"end":{"line":89,"column":44}},"69":{"start":{"line":90,"column":6},"end":{"line":90,"column":48}},"70":{"start":{"line":92,"column":4},"end":{"line":100,"column":7}},"71":{"start":{"line":93,"column":18},"end":{"line":93,"column":104}},"72":{"start":{"line":94,"column":6},"end":{"line":94,"column":34}},"73":{"start":{"line":95,"column":6},"end":{"line":95,"column":37}},"74":{"start":{"line":96,"column":6},"end":{"line":96,"column":46}},"75":{"start":{"line":97,"column":6},"end":{"line":97,"column":45}},"76":{"start":{"line":98,"column":6},"end":{"line":98,"column":44}},"77":{"start":{"line":99,"column":6},"end":{"line":99,"column":48}},"78":{"start":{"line":101,"column":4},"end":{"line":109,"column":7}},"79":{"start":{"line":102,"column":18},"end":{"line":102,"column":104}},"80":{"start":{"line":103,"column":6},"end":{"line":103,"column":34}},"81":{"start":{"line":104,"column":6},"end":{"line":104,"column":37}},"82":{"start":{"line":105,"column":6},"end":{"line":105,"column":46}},"83":{"start":{"line":106,"column":6},"end":{"line":106,"column":45}},"84":{"start":{"line":107,"column":6},"end":{"line":107,"column":44}},"85":{"start":{"line":108,"column":6},"end":{"line":108,"column":48}},"86":{"start":{"line":111,"column":4},"end":{"line":119,"column":7}},"87":{"start":{"line":112,"column":18},"end":{"line":112,"column":104}},"88":{"start":{"line":113,"column":6},"end":{"line":113,"column":34}},"89":{"start":{"line":114,"column":6},"end":{"line":114,"column":37}},"90":{"start":{"line":115,"column":6},"end":{"line":115,"column":46}},"91":{"start":{"line":116,"column":6},"end":{"line":116,"column":45}},"92":{"start":{"line":117,"column":6},"end":{"line":117,"column":44}},"93":{"start":{"line":118,"column":6},"end":{"line":118,"column":48}},"94":{"start":{"line":120,"column":4},"end":{"line":128,"column":7}},"95":{"start":{"line":121,"column":18},"end":{"line":121,"column":104}},"96":{"start":{"line":122,"column":6},"end":{"line":122,"column":34}},"97":{"start":{"line":123,"column":6},"end":{"line":123,"column":37}},"98":{"start":{"line":124,"column":6},"end":{"line":124,"column":46}},"99":{"start":{"line":125,"column":6},"end":{"line":125,"column":45}},"100":{"start":{"line":126,"column":6},"end":{"line":126,"column":44}},"101":{"start":{"line":127,"column":6},"end":{"line":127,"column":48}},"102":{"start":{"line":130,"column":4},"end":{"line":138,"column":7}},"103":{"start":{"line":131,"column":18},"end":{"line":131,"column":104}},"104":{"start":{"line":132,"column":6},"end":{"line":132,"column":34}},"105":{"start":{"line":133,"column":6},"end":{"line":133,"column":37}},"106":{"start":{"line":134,"column":6},"end":{"line":134,"column":46}},"107":{"start":{"line":135,"column":6},"end":{"line":135,"column":45}},"108":{"start":{"line":136,"column":6},"end":{"line":136,"column":44}},"109":{"start":{"line":137,"column":6},"end":{"line":137,"column":48}},"110":{"start":{"line":139,"column":4},"end":{"line":147,"column":7}},"111":{"start":{"line":140,"column":18},"end":{"line":140,"column":105}},"112":{"start":{"line":141,"column":6},"end":{"line":141,"column":34}},"113":{"start":{"line":142,"column":6},"end":{"line":142,"column":37}},"114":{"start":{"line":143,"column":6},"end":{"line":143,"column":46}},"115":{"start":{"line":144,"column":6},"end":{"line":144,"column":45}},"116":{"start":{"line":145,"column":6},"end":{"line":145,"column":44}},"117":{"start":{"line":146,"column":6},"end":{"line":146,"column":48}},"118":{"start":{"line":149,"column":2},"end":{"line":193,"column":5}},"119":{"start":{"line":150,"column":4},"end":{"line":156,"column":7}},"120":{"start":{"line":151,"column":18},"end":{"line":151,"column":107}},"121":{"start":{"line":152,"column":6},"end":{"line":152,"column":34}},"122":{"start":{"line":153,"column":6},"end":{"line":153,"column":38}},"123":{"start":{"line":154,"column":6},"end":{"line":154,"column":44}},"124":{"start":{"line":155,"column":6},"end":{"line":155,"column":46}},"125":{"start":{"line":157,"column":4},"end":{"line":165,"column":7}},"126":{"start":{"line":158,"column":18},"end":{"line":158,"column":106}},"127":{"start":{"line":159,"column":6},"end":{"line":159,"column":34}},"128":{"start":{"line":160,"column":6},"end":{"line":160,"column":38}},"129":{"start":{"line":161,"column":6},"end":{"line":161,"column":46}},"130":{"start":{"line":162,"column":6},"end":{"line":162,"column":45}},"131":{"start":{"line":163,"column":6},"end":{"line":163,"column":44}},"132":{"start":{"line":164,"column":6},"end":{"line":164,"column":48}},"133":{"start":{"line":166,"column":4},"end":{"line":174,"column":7}},"134":{"start":{"line":167,"column":18},"end":{"line":167,"column":106}},"135":{"start":{"line":168,"column":6},"end":{"line":168,"column":34}},"136":{"start":{"line":169,"column":6},"end":{"line":169,"column":38}},"137":{"start":{"line":170,"column":6},"end":{"line":170,"column":46}},"138":{"start":{"line":171,"column":6},"end":{"line":171,"column":45}},"139":{"start":{"line":172,"column":6},"end":{"line":172,"column":44}},"140":{"start":{"line":173,"column":6},"end":{"line":173,"column":63}},"141":{"start":{"line":175,"column":4},"end":{"line":183,"column":7}},"142":{"start":{"line":176,"column":18},"end":{"line":176,"column":106}},"143":{"start":{"line":177,"column":6},"end":{"line":177,"column":34}},"144":{"start":{"line":178,"column":6},"end":{"line":178,"column":38}},"145":{"start":{"line":179,"column":6},"end":{"line":179,"column":46}},"146":{"start":{"line":180,"column":6},"end":{"line":180,"column":45}},"147":{"start":{"line":181,"column":6},"end":{"line":181,"column":44}},"148":{"start":{"line":182,"column":6},"end":{"line":182,"column":48}},"149":{"start":{"line":184,"column":4},"end":{"line":192,"column":7}},"150":{"start":{"line":185,"column":18},"end":{"line":185,"column":106}},"151":{"start":{"line":186,"column":6},"end":{"line":186,"column":34}},"152":{"start":{"line":187,"column":6},"end":{"line":187,"column":38}},"153":{"start":{"line":188,"column":6},"end":{"line":188,"column":46}},"154":{"start":{"line":189,"column":6},"end":{"line":189,"column":45}},"155":{"start":{"line":190,"column":6},"end":{"line":190,"column":44}},"156":{"start":{"line":191,"column":6},"end":{"line":191,"column":63}}},"fnMap":{"0":{"name":"_interopRequireDefault","decl":{"start":{"line":11,"column":9},"end":{"line":11,"column":31}},"loc":{"start":{"line":11,"column":37},"end":{"line":11,"column":95}},"line":11},"1":{"name":"(anonymous_1)","decl":{"start":{"line":23,"column":32},"end":{"line":23,"column":33}},"loc":{"start":{"line":23,"column":38},"end":{"line":194,"column":1}},"line":23},"2":{"name":"(anonymous_2)","decl":{"start":{"line":24,"column":36},"end":{"line":24,"column":37}},"loc":{"start":{"line":24,"column":42},"end":{"line":148,"column":3}},"line":24},"3":{"name":"(anonymous_3)","decl":{"start":{"line":25,"column":60},"end":{"line":25,"column":61}},"loc":{"start":{"line":25,"column":72},"end":{"line":31,"column":5}},"line":25},"4":{"name":"(anonymous_4)","decl":{"start":{"line":32,"column":64},"end":{"line":32,"column":65}},"loc":{"start":{"line":32,"column":76},"end":{"line":38,"column":5}},"line":32},"5":{"name":"(anonymous_5)","decl":{"start":{"line":39,"column":64},"end":{"line":39,"column":65}},"loc":{"start":{"line":39,"column":76},"end":{"line":45,"column":5}},"line":39},"6":{"name":"(anonymous_6)","decl":{"start":{"line":46,"column":89},"end":{"line":46,"column":90}},"loc":{"start":{"line":46,"column":101},"end":{"line":54,"column":5}},"line":46},"7":{"name":"(anonymous_7)","decl":{"start":{"line":55,"column":80},"end":{"line":55,"column":81}},"loc":{"start":{"line":55,"column":92},"end":{"line":63,"column":5}},"line":55},"8":{"name":"(anonymous_8)","decl":{"start":{"line":64,"column":88},"end":{"line":64,"column":89}},"loc":{"start":{"line":64,"column":100},"end":{"line":72,"column":5}},"line":64},"9":{"name":"(anonymous_9)","decl":{"start":{"line":73,"column":82},"end":{"line":73,"column":83}},"loc":{"start":{"line":73,"column":94},"end":{"line":81,"column":5}},"line":73},"10":{"name":"(anonymous_10)","decl":{"start":{"line":83,"column":93},"end":{"line":83,"column":94}},"loc":{"start":{"line":83,"column":105},"end":{"line":91,"column":5}},"line":83},"11":{"name":"(anonymous_11)","decl":{"start":{"line":92,"column":84},"end":{"line":92,"column":85}},"loc":{"start":{"line":92,"column":96},"end":{"line":100,"column":5}},"line":92},"12":{"name":"(anonymous_12)","decl":{"start":{"line":101,"column":83},"end":{"line":101,"column":84}},"loc":{"start":{"line":101,"column":95},"end":{"line":109,"column":5}},"line":101},"13":{"name":"(anonymous_13)","decl":{"start":{"line":111,"column":92},"end":{"line":111,"column":93}},"loc":{"start":{"line":111,"column":104},"end":{"line":119,"column":5}},"line":111},"14":{"name":"(anonymous_14)","decl":{"start":{"line":120,"column":83},"end":{"line":120,"column":84}},"loc":{"start":{"line":120,"column":95},"end":{"line":128,"column":5}},"line":120},"15":{"name":"(anonymous_15)","decl":{"start":{"line":130,"column":92},"end":{"line":130,"column":93}},"loc":{"start":{"line":130,"column":104},"end":{"line":138,"column":5}},"line":130},"16":{"name":"(anonymous_16)","decl":{"start":{"line":139,"column":89},"end":{"line":139,"column":90}},"loc":{"start":{"line":139,"column":101},"end":{"line":147,"column":5}},"line":139},"17":{"name":"(anonymous_17)","decl":{"start":{"line":149,"column":33},"end":{"line":149,"column":34}},"loc":{"start":{"line":149,"column":39},"end":{"line":193,"column":3}},"line":149},"18":{"name":"(anonymous_18)","decl":{"start":{"line":150,"column":90},"end":{"line":150,"column":91}},"loc":{"start":{"line":150,"column":102},"end":{"line":156,"column":5}},"line":150},"19":{"name":"(anonymous_19)","decl":{"start":{"line":157,"column":91},"end":{"line":157,"column":92}},"loc":{"start":{"line":157,"column":103},"end":{"line":165,"column":5}},"line":157},"20":{"name":"(anonymous_20)","decl":{"start":{"line":166,"column":92},"end":{"line":166,"column":93}},"loc":{"start":{"line":166,"column":104},"end":{"line":174,"column":5}},"line":166},"21":{"name":"(anonymous_21)","decl":{"start":{"line":175,"column":121},"end":{"line":175,"column":122}},"loc":{"start":{"line":175,"column":133},"end":{"line":183,"column":5}},"line":175},"22":{"name":"(anonymous_22)","decl":{"start":{"line":184,"column":125},"end":{"line":184,"column":126}},"loc":{"start":{"line":184,"column":137},"end":{"line":192,"column":5}},"line":184}},"branchMap":{"0":{"loc":{"start":{"line":11,"column":46},"end":{"line":11,"column":92}},"type":"cond-expr","locations":[{"start":{"line":11,"column":70},"end":{"line":11,"column":73}},{"start":{"line":11,"column":76},"end":{"line":11,"column":92}}],"line":11},"1":{"loc":{"start":{"line":11,"column":46},"end":{"line":11,"column":67}},"type":"binary-expr","locations":[{"start":{"line":11,"column":46},"end":{"line":11,"column":49}},{"start":{"line":11,"column":53},"end":{"line":11,"column":67}}],"line":11}},"s":{"0":1,"1":1,"2":1,"3":1,"4":3,"5":1,"6":1,"7":1,"8":1,"9":1,"10":1,"11":1,"12":1,"13":1,"14":1,"15":1,"16":1,"17":1,"18":1,"19":1,"20":1,"21":1,"22":1,"23":1,"24":1,"25":1,"26":1,"27":1,"28":1,"29":1,"30":1,"31":1,"32":1,"33":1,"34":1,"35":1,"36":1,"37":1,"38":1,"39":1,"40":1,"41":1,"42":1,"43":1,"44":1,"45":1,"46":1,"47":1,"48":1,"49":1,"50":1,"51":1,"52":1,"53":1,"54":1,"55":1,"56":1,"57":1,"58":1,"59":1,"60":1,"61":1,"62":1,"63":1,"64":1,"65":1,"66":1,"67":1,"68":1,"69":1,"70":1,"71":1,"72":1,"73":1,"74":1,"75":1,"76":1,"77":1,"78":1,"79":1,"80":1,"81":1,"82":1,"83":1,"84":1,"85":1,"86":1,"87":1,"88":1,"89":1,"90":1,"91":1,"92":1,"93":1,"94":1,"95":1,"96":1,"97":1,"98":1,"99":1,"100":1,"101":1,"102":1,"103":1,"104":1,"105":1,"106":1,"107":1,"108":1,"109":1,"110":1,"111":1,"112":1,"113":1,"114":1,"115":1,"116":1,"117":1,"118":1,"119":1,"120":1,"121":1,"122":1,"123":1,"124":1,"125":1,"126":1,"127":1,"128":1,"129":1,"130":1,"131":1,"132":1,"133":1,"134":1,"135":1,"136":1,"137":1,"138":1,"139":1,"140":1,"141":1,"142":1,"143":1,"144":1,"145":1,"146":1,"147":1,"148":1,"149":1,"150":1,"151":1,"152":1,"153":1,"154":1,"155":1,"156":1},"f":{"0":3,"1":1,"2":1,"3":1,"4":1,"5":1,"6":1,"7":1,"8":1,"9":1,"10":1,"11":1,"12":1,"13":1,"14":1,"15":1,"16":1,"17":1,"18":1,"19":1,"20":1,"21":1,"22":1},"b":{"0":[1,2],"1":[3,3]},"inputSourceMap":{"version":3,"sources":["auth.js"],"names":["should","expect","chai","use","chaiHttp","url","loginUrl","describe","it","res","request","app","post","send","validRegisterData","have","status","body","be","an","to","equal","data","a","inValidRegisterData","property","error","inValidLoginData"],"mappings":";;AAAA;;AACA;;AACA;;AAEA;;;;AAGA,MAAM;AAAEA,EAAAA,MAAF;AAAUC,EAAAA;AAAV,IAAqBC,aAA3B;AACAF,MAAM;;AAENE,cAAKC,GAAL,CAASC,iBAAT;;AAEA,MAAMC,GAAG,GAAG,aAAZ;AACA,MAAMC,QAAQ,GAAG,YAAjB;AAEAC,QAAQ,CAAC,qBAAD,EAAwB,MAAM;AACpCA,EAAAA,QAAQ,CAAC,uBAAD,EAA0B,MAAM;AACtCC,IAAAA,EAAE,CAAC,mDAAD,EAAsD,YAAY;AAClE,YAAMC,GAAG,GAAG,MAAMP,cAAKQ,OAAL,CAAaC,YAAb,EACfC,IADe,CACVP,GADU,EAEfQ,IAFe,CAEVC,wBAAkB,CAAlB,CAFU,CAAlB;AAGAL,MAAAA,GAAG,CAACT,MAAJ,CAAWe,IAAX,CAAgBC,MAAhB,CAAuB,GAAvB;AACAP,MAAAA,GAAG,CAACQ,IAAJ,CAASjB,MAAT,CAAgBkB,EAAhB,CAAmBC,EAAnB,CAAsB,QAAtB;AACAlB,MAAAA,MAAM,CAACQ,GAAG,CAACQ,IAAJ,CAASD,MAAV,CAAN,CAAwBI,EAAxB,CAA2BC,KAA3B,CAAiC,GAAjC;AACApB,MAAAA,MAAM,CAACQ,GAAG,CAACQ,IAAJ,CAASK,IAAV,CAAN,CAAsBF,EAAtB,CAAyBF,EAAzB,CAA4BK,CAA5B,CAA8B,QAA9B;AACD,KARC,CAAF;AASAf,IAAAA,EAAE,CAAC,uDAAD,EAA0D,YAAY;AACtE,YAAMC,GAAG,GAAG,MAAMP,cAAKQ,OAAL,CAAaC,YAAb,EACfC,IADe,CACVP,GADU,EAEfQ,IAFe,CAEVC,wBAAkB,CAAlB,CAFU,CAAlB;AAGAL,MAAAA,GAAG,CAACT,MAAJ,CAAWe,IAAX,CAAgBC,MAAhB,CAAuB,GAAvB;AACAP,MAAAA,GAAG,CAACQ,IAAJ,CAASjB,MAAT,CAAgBkB,EAAhB,CAAmBC,EAAnB,CAAsB,QAAtB;AACAlB,MAAAA,MAAM,CAACQ,GAAG,CAACQ,IAAJ,CAASD,MAAV,CAAN,CAAwBI,EAAxB,CAA2BC,KAA3B,CAAiC,GAAjC;AACApB,MAAAA,MAAM,CAACQ,GAAG,CAACQ,IAAJ,CAASK,IAAV,CAAN,CAAsBF,EAAtB,CAAyBF,EAAzB,CAA4BK,CAA5B,CAA8B,QAA9B;AACD,KARC,CAAF;AAUAf,IAAAA,EAAE,CAAC,uDAAD,EAA0D,YAAY;AACtE,YAAMC,GAAG,GAAG,MAAMP,cAAKQ,OAAL,CAAaC,YAAb,EACfC,IADe,CACVP,GADU,EAEfQ,IAFe,CAEVC,wBAAkB,CAAlB,CAFU,CAAlB;AAGAL,MAAAA,GAAG,CAACT,MAAJ,CAAWe,IAAX,CAAgBC,MAAhB,CAAuB,GAAvB;AACAP,MAAAA,GAAG,CAACQ,IAAJ,CAASjB,MAAT,CAAgBkB,EAAhB,CAAmBC,EAAnB,CAAsB,QAAtB;AACAlB,MAAAA,MAAM,CAACQ,GAAG,CAACQ,IAAJ,CAASD,MAAV,CAAN,CAAwBI,EAAxB,CAA2BC,KAA3B,CAAiC,GAAjC;AACApB,MAAAA,MAAM,CAACQ,GAAG,CAACQ,IAAJ,CAASK,IAAV,CAAN,CAAsBF,EAAtB,CAAyBF,EAAzB,CAA4BK,CAA5B,CAA8B,QAA9B;AACD,KARC,CAAF;AASAf,IAAAA,EAAE,CAAC,gFAAD,EAAmF,YAAY;AAC/F,YAAMC,GAAG,GAAG,MAAMP,cACfQ,OADe,CACPC,YADO,EAEfC,IAFe,CAEVP,GAFU,EAGfQ,IAHe,CAGVW,0BAAoB,CAApB,CAHU,CAAlB;AAIAf,MAAAA,GAAG,CAACT,MAAJ,CAAWe,IAAX,CAAgBC,MAAhB,CAAuB,GAAvB;AACAP,MAAAA,GAAG,CAACQ,IAAJ,CAASjB,MAAT,CAAgBkB,EAAhB,CAAmBK,CAAnB,CAAqB,QAArB;AACAd,MAAAA,GAAG,CAACQ,IAAJ,CAASjB,MAAT,CAAgBe,IAAhB,CAAqBU,QAArB,CAA8B,QAA9B;AACAhB,MAAAA,GAAG,CAACQ,IAAJ,CAASjB,MAAT,CAAgBe,IAAhB,CAAqBU,QAArB,CAA8B,OAA9B;AACAxB,MAAAA,MAAM,CAACQ,GAAG,CAACQ,IAAJ,CAASD,MAAV,CAAN,CAAwBI,EAAxB,CAA2BC,KAA3B,CAAiC,GAAjC;AACApB,MAAAA,MAAM,CAACQ,GAAG,CAACQ,IAAJ,CAASS,KAAV,CAAN,CAAuBN,EAAvB,CAA0BF,EAA1B,CAA6BC,EAA7B,CAAgC,QAAhC;AACD,KAXC,CAAF;AAYAX,IAAAA,EAAE,CAAC,uEAAD,EAA0E,YAAY;AACtF,YAAMC,GAAG,GAAG,MAAMP,cACfQ,OADe,CACPC,YADO,EAEfC,IAFe,CAEVP,GAFU,EAGfQ,IAHe,CAGVW,0BAAoB,CAApB,CAHU,CAAlB;AAIAf,MAAAA,GAAG,CAACT,MAAJ,CAAWe,IAAX,CAAgBC,MAAhB,CAAuB,GAAvB;AACAP,MAAAA,GAAG,CAACQ,IAAJ,CAASjB,MAAT,CAAgBkB,EAAhB,CAAmBK,CAAnB,CAAqB,QAArB;AACAd,MAAAA,GAAG,CAACQ,IAAJ,CAASjB,MAAT,CAAgBe,IAAhB,CAAqBU,QAArB,CAA8B,QAA9B;AACAhB,MAAAA,GAAG,CAACQ,IAAJ,CAASjB,MAAT,CAAgBe,IAAhB,CAAqBU,QAArB,CAA8B,OAA9B;AACAxB,MAAAA,MAAM,CAACQ,GAAG,CAACQ,IAAJ,CAASD,MAAV,CAAN,CAAwBI,EAAxB,CAA2BC,KAA3B,CAAiC,GAAjC;AACApB,MAAAA,MAAM,CAACQ,GAAG,CAACQ,IAAJ,CAASS,KAAV,CAAN,CAAuBN,EAAvB,CAA0BF,EAA1B,CAA6BC,EAA7B,CAAgC,QAAhC;AACD,KAXC,CAAF;AAYAX,IAAAA,EAAE,CAAC,+EAAD,EAAkF,YAAY;AAC9F,YAAMC,GAAG,GAAG,MAAMP,cACfQ,OADe,CACPC,YADO,EAEfC,IAFe,CAEVP,GAFU,EAGfQ,IAHe,CAGVW,0BAAoB,CAApB,CAHU,CAAlB;AAIAf,MAAAA,GAAG,CAACT,MAAJ,CAAWe,IAAX,CAAgBC,MAAhB,CAAuB,GAAvB;AACAP,MAAAA,GAAG,CAACQ,IAAJ,CAASjB,MAAT,CAAgBkB,EAAhB,CAAmBK,CAAnB,CAAqB,QAArB;AACAd,MAAAA,GAAG,CAACQ,IAAJ,CAASjB,MAAT,CAAgBe,IAAhB,CAAqBU,QAArB,CAA8B,QAA9B;AACAhB,MAAAA,GAAG,CAACQ,IAAJ,CAASjB,MAAT,CAAgBe,IAAhB,CAAqBU,QAArB,CAA8B,OAA9B;AACAxB,MAAAA,MAAM,CAACQ,GAAG,CAACQ,IAAJ,CAASD,MAAV,CAAN,CAAwBI,EAAxB,CAA2BC,KAA3B,CAAiC,GAAjC;AACApB,MAAAA,MAAM,CAACQ,GAAG,CAACQ,IAAJ,CAASS,KAAV,CAAN,CAAuBN,EAAvB,CAA0BF,EAA1B,CAA6BC,EAA7B,CAAgC,QAAhC;AACD,KAXC,CAAF;AAYAX,IAAAA,EAAE,CAAC,yEAAD,EAA4E,YAAY;AACxF,YAAMC,GAAG,GAAG,MAAMP,cACfQ,OADe,CACPC,YADO,EAEfC,IAFe,CAEVP,GAFU,EAGfQ,IAHe,CAGVW,0BAAoB,CAApB,CAHU,CAAlB;AAIAf,MAAAA,GAAG,CAACT,MAAJ,CAAWe,IAAX,CAAgBC,MAAhB,CAAuB,GAAvB;AACAP,MAAAA,GAAG,CAACQ,IAAJ,CAASjB,MAAT,CAAgBkB,EAAhB,CAAmBK,CAAnB,CAAqB,QAArB;AACAd,MAAAA,GAAG,CAACQ,IAAJ,CAASjB,MAAT,CAAgBe,IAAhB,CAAqBU,QAArB,CAA8B,QAA9B;AACAhB,MAAAA,GAAG,CAACQ,IAAJ,CAASjB,MAAT,CAAgBe,IAAhB,CAAqBU,QAArB,CAA8B,OAA9B;AACAxB,MAAAA,MAAM,CAACQ,GAAG,CAACQ,IAAJ,CAASD,MAAV,CAAN,CAAwBI,EAAxB,CAA2BC,KAA3B,CAAiC,GAAjC;AACApB,MAAAA,MAAM,CAACQ,GAAG,CAACQ,IAAJ,CAASS,KAAV,CAAN,CAAuBN,EAAvB,CAA0BF,EAA1B,CAA6BK,CAA7B,CAA+B,QAA/B;AACD,KAXC,CAAF,CAjEsC,CA6EtC;;AACAf,IAAAA,EAAE,CAAC,oFAAD,EAAuF,YAAY;AACnG,YAAMC,GAAG,GAAG,MAAMP,cACfQ,OADe,CACPC,YADO,EAEfC,IAFe,CAEVP,GAFU,EAGfQ,IAHe,CAGVW,0BAAoB,CAApB,CAHU,CAAlB;AAIAf,MAAAA,GAAG,CAACT,MAAJ,CAAWe,IAAX,CAAgBC,MAAhB,CAAuB,GAAvB;AACAP,MAAAA,GAAG,CAACQ,IAAJ,CAASjB,MAAT,CAAgBkB,EAAhB,CAAmBK,CAAnB,CAAqB,QAArB;AACAd,MAAAA,GAAG,CAACQ,IAAJ,CAASjB,MAAT,CAAgBe,IAAhB,CAAqBU,QAArB,CAA8B,QAA9B;AACAhB,MAAAA,GAAG,CAACQ,IAAJ,CAASjB,MAAT,CAAgBe,IAAhB,CAAqBU,QAArB,CAA8B,OAA9B;AACAxB,MAAAA,MAAM,CAACQ,GAAG,CAACQ,IAAJ,CAASD,MAAV,CAAN,CAAwBI,EAAxB,CAA2BC,KAA3B,CAAiC,GAAjC;AACApB,MAAAA,MAAM,CAACQ,GAAG,CAACQ,IAAJ,CAASS,KAAV,CAAN,CAAuBN,EAAvB,CAA0BF,EAA1B,CAA6BC,EAA7B,CAAgC,QAAhC;AACD,KAXC,CAAF;AAYAX,IAAAA,EAAE,CAAC,2EAAD,EAA8E,YAAY;AAC1F,YAAMC,GAAG,GAAG,MAAMP,cACfQ,OADe,CACPC,YADO,EAEfC,IAFe,CAEVP,GAFU,EAGfQ,IAHe,CAGVW,0BAAoB,CAApB,CAHU,CAAlB;AAIAf,MAAAA,GAAG,CAACT,MAAJ,CAAWe,IAAX,CAAgBC,MAAhB,CAAuB,GAAvB;AACAP,MAAAA,GAAG,CAACQ,IAAJ,CAASjB,MAAT,CAAgBkB,EAAhB,CAAmBK,CAAnB,CAAqB,QAArB;AACAd,MAAAA,GAAG,CAACQ,IAAJ,CAASjB,MAAT,CAAgBe,IAAhB,CAAqBU,QAArB,CAA8B,QAA9B;AACAhB,MAAAA,GAAG,CAACQ,IAAJ,CAASjB,MAAT,CAAgBe,IAAhB,CAAqBU,QAArB,CAA8B,OAA9B;AACAxB,MAAAA,MAAM,CAACQ,GAAG,CAACQ,IAAJ,CAASD,MAAV,CAAN,CAAwBI,EAAxB,CAA2BC,KAA3B,CAAiC,GAAjC;AACApB,MAAAA,MAAM,CAACQ,GAAG,CAACQ,IAAJ,CAASS,KAAV,CAAN,CAAuBN,EAAvB,CAA0BF,EAA1B,CAA6BC,EAA7B,CAAgC,QAAhC;AACD,KAXC,CAAF;AAYAX,IAAAA,EAAE,CAAC,0EAAD,EAA6E,YAAY;AACzF,YAAMC,GAAG,GAAG,MAAMP,cACfQ,OADe,CACPC,YADO,EAEfC,IAFe,CAEVP,GAFU,EAGfQ,IAHe,CAGVW,0BAAoB,CAApB,CAHU,CAAlB;AAIAf,MAAAA,GAAG,CAACT,MAAJ,CAAWe,IAAX,CAAgBC,MAAhB,CAAuB,GAAvB;AACAP,MAAAA,GAAG,CAACQ,IAAJ,CAASjB,MAAT,CAAgBkB,EAAhB,CAAmBK,CAAnB,CAAqB,QAArB;AACAd,MAAAA,GAAG,CAACQ,IAAJ,CAASjB,MAAT,CAAgBe,IAAhB,CAAqBU,QAArB,CAA8B,QAA9B;AACAhB,MAAAA,GAAG,CAACQ,IAAJ,CAASjB,MAAT,CAAgBe,IAAhB,CAAqBU,QAArB,CAA8B,OAA9B;AACAxB,MAAAA,MAAM,CAACQ,GAAG,CAACQ,IAAJ,CAASD,MAAV,CAAN,CAAwBI,EAAxB,CAA2BC,KAA3B,CAAiC,GAAjC;AACApB,MAAAA,MAAM,CAACQ,GAAG,CAACQ,IAAJ,CAASS,KAAV,CAAN,CAAuBN,EAAvB,CAA0BF,EAA1B,CAA6BC,EAA7B,CAAgC,QAAhC;AACD,KAXC,CAAF,CAtGsC,CAkHtC;;AACAX,IAAAA,EAAE,CAAC,mFAAD,EAAsF,YAAY;AAClG,YAAMC,GAAG,GAAG,MAAMP,cACfQ,OADe,CACPC,YADO,EAEfC,IAFe,CAEVP,GAFU,EAGfQ,IAHe,CAGVW,0BAAoB,CAApB,CAHU,CAAlB;AAIAf,MAAAA,GAAG,CAACT,MAAJ,CAAWe,IAAX,CAAgBC,MAAhB,CAAuB,GAAvB;AACAP,MAAAA,GAAG,CAACQ,IAAJ,CAASjB,MAAT,CAAgBkB,EAAhB,CAAmBK,CAAnB,CAAqB,QAArB;AACAd,MAAAA,GAAG,CAACQ,IAAJ,CAASjB,MAAT,CAAgBe,IAAhB,CAAqBU,QAArB,CAA8B,QAA9B;AACAhB,MAAAA,GAAG,CAACQ,IAAJ,CAASjB,MAAT,CAAgBe,IAAhB,CAAqBU,QAArB,CAA8B,OAA9B;AACAxB,MAAAA,MAAM,CAACQ,GAAG,CAACQ,IAAJ,CAASD,MAAV,CAAN,CAAwBI,EAAxB,CAA2BC,KAA3B,CAAiC,GAAjC;AACApB,MAAAA,MAAM,CAACQ,GAAG,CAACQ,IAAJ,CAASS,KAAV,CAAN,CAAuBN,EAAvB,CAA0BF,EAA1B,CAA6BC,EAA7B,CAAgC,QAAhC;AACD,KAXC,CAAF;AAYAX,IAAAA,EAAE,CAAC,0EAAD,EAA6E,YAAY;AACzF,YAAMC,GAAG,GAAG,MAAMP,cACfQ,OADe,CACPC,YADO,EAEfC,IAFe,CAEVP,GAFU,EAGfQ,IAHe,CAGVW,0BAAoB,CAApB,CAHU,CAAlB;AAIAf,MAAAA,GAAG,CAACT,MAAJ,CAAWe,IAAX,CAAgBC,MAAhB,CAAuB,GAAvB;AACAP,MAAAA,GAAG,CAACQ,IAAJ,CAASjB,MAAT,CAAgBkB,EAAhB,CAAmBK,CAAnB,CAAqB,QAArB;AACAd,MAAAA,GAAG,CAACQ,IAAJ,CAASjB,MAAT,CAAgBe,IAAhB,CAAqBU,QAArB,CAA8B,QAA9B;AACAhB,MAAAA,GAAG,CAACQ,IAAJ,CAASjB,MAAT,CAAgBe,IAAhB,CAAqBU,QAArB,CAA8B,OAA9B;AACAxB,MAAAA,MAAM,CAACQ,GAAG,CAACQ,IAAJ,CAASD,MAAV,CAAN,CAAwBI,EAAxB,CAA2BC,KAA3B,CAAiC,GAAjC;AACApB,MAAAA,MAAM,CAACQ,GAAG,CAACQ,IAAJ,CAASS,KAAV,CAAN,CAAuBN,EAAvB,CAA0BF,EAA1B,CAA6BC,EAA7B,CAAgC,QAAhC;AACD,KAXC,CAAF,CA/HsC,CA2ItC;;AACAX,IAAAA,EAAE,CAAC,mFAAD,EAAsF,YAAY;AAClG,YAAMC,GAAG,GAAG,MAAMP,cACfQ,OADe,CACPC,YADO,EAEfC,IAFe,CAEVP,GAFU,EAGfQ,IAHe,CAGVW,0BAAoB,CAApB,CAHU,CAAlB;AAIAf,MAAAA,GAAG,CAACT,MAAJ,CAAWe,IAAX,CAAgBC,MAAhB,CAAuB,GAAvB;AACAP,MAAAA,GAAG,CAACQ,IAAJ,CAASjB,MAAT,CAAgBkB,EAAhB,CAAmBK,CAAnB,CAAqB,QAArB;AACAd,MAAAA,GAAG,CAACQ,IAAJ,CAASjB,MAAT,CAAgBe,IAAhB,CAAqBU,QAArB,CAA8B,QAA9B;AACAhB,MAAAA,GAAG,CAACQ,IAAJ,CAASjB,MAAT,CAAgBe,IAAhB,CAAqBU,QAArB,CAA8B,OAA9B;AACAxB,MAAAA,MAAM,CAACQ,GAAG,CAACQ,IAAJ,CAASD,MAAV,CAAN,CAAwBI,EAAxB,CAA2BC,KAA3B,CAAiC,GAAjC;AACApB,MAAAA,MAAM,CAACQ,GAAG,CAACQ,IAAJ,CAASS,KAAV,CAAN,CAAuBN,EAAvB,CAA0BF,EAA1B,CAA6BC,EAA7B,CAAgC,QAAhC;AACD,KAXC,CAAF;AAYAX,IAAAA,EAAE,CAAC,gFAAD,EAAmF,YAAY;AAC/F,YAAMC,GAAG,GAAG,MAAMP,cACfQ,OADe,CACPC,YADO,EAEfC,IAFe,CAEVP,GAFU,EAGfQ,IAHe,CAGVW,0BAAoB,EAApB,CAHU,CAAlB;AAIAf,MAAAA,GAAG,CAACT,MAAJ,CAAWe,IAAX,CAAgBC,MAAhB,CAAuB,GAAvB;AACAP,MAAAA,GAAG,CAACQ,IAAJ,CAASjB,MAAT,CAAgBkB,EAAhB,CAAmBK,CAAnB,CAAqB,QAArB;AACAd,MAAAA,GAAG,CAACQ,IAAJ,CAASjB,MAAT,CAAgBe,IAAhB,CAAqBU,QAArB,CAA8B,QAA9B;AACAhB,MAAAA,GAAG,CAACQ,IAAJ,CAASjB,MAAT,CAAgBe,IAAhB,CAAqBU,QAArB,CAA8B,OAA9B;AACAxB,MAAAA,MAAM,CAACQ,GAAG,CAACQ,IAAJ,CAASD,MAAV,CAAN,CAAwBI,EAAxB,CAA2BC,KAA3B,CAAiC,GAAjC;AACApB,MAAAA,MAAM,CAACQ,GAAG,CAACQ,IAAJ,CAASS,KAAV,CAAN,CAAuBN,EAAvB,CAA0BF,EAA1B,CAA6BC,EAA7B,CAAgC,QAAhC;AACD,KAXC,CAAF;AAYD,GApKO,CAAR;AAsKAZ,EAAAA,QAAQ,CAAC,oBAAD,EAAuB,MAAM;AACnCC,IAAAA,EAAE,CAAC,iFAAD,EAAoF,YAAY;AAChG,YAAMC,GAAG,GAAG,MAAMP,cAAKQ,OAAL,CAAaC,YAAb,EACfC,IADe,CACVN,QADU,EAEfO,IAFe,CAEVC,wBAAkB,CAAlB,CAFU,CAAlB;AAGAL,MAAAA,GAAG,CAACT,MAAJ,CAAWe,IAAX,CAAgBC,MAAhB,CAAuB,GAAvB;AACAP,MAAAA,GAAG,CAACQ,IAAJ,CAASjB,MAAT,CAAgBkB,EAAhB,CAAmBC,EAAnB,CAAsB,QAAtB;AACAlB,MAAAA,MAAM,CAACQ,GAAG,CAACQ,IAAJ,CAASD,MAAV,CAAN,CAAwBI,EAAxB,CAA2BC,KAA3B,CAAiC,GAAjC;AACApB,MAAAA,MAAM,CAACQ,GAAG,CAACQ,IAAJ,CAASK,IAAV,CAAN,CAAsBF,EAAtB,CAAyBF,EAAzB,CAA4BK,CAA5B,CAA8B,QAA9B;AACD,KARC,CAAF;AASAf,IAAAA,EAAE,CAAC,kFAAD,EAAqF,YAAY;AACjG,YAAMC,GAAG,GAAG,MAAMP,cAAKQ,OAAL,CAAaC,YAAb,EACfC,IADe,CACVN,QADU,EAEfO,IAFe,CAEVc,uBAAiB,CAAjB,CAFU,CAAlB;AAGAlB,MAAAA,GAAG,CAACT,MAAJ,CAAWe,IAAX,CAAgBC,MAAhB,CAAuB,GAAvB;AACAP,MAAAA,GAAG,CAACQ,IAAJ,CAASjB,MAAT,CAAgBkB,EAAhB,CAAmBC,EAAnB,CAAsB,QAAtB;AACAV,MAAAA,GAAG,CAACQ,IAAJ,CAASjB,MAAT,CAAgBe,IAAhB,CAAqBU,QAArB,CAA8B,QAA9B;AACAhB,MAAAA,GAAG,CAACQ,IAAJ,CAASjB,MAAT,CAAgBe,IAAhB,CAAqBU,QAArB,CAA8B,OAA9B;AACAxB,MAAAA,MAAM,CAACQ,GAAG,CAACQ,IAAJ,CAASD,MAAV,CAAN,CAAwBI,EAAxB,CAA2BC,KAA3B,CAAiC,GAAjC;AACApB,MAAAA,MAAM,CAACQ,GAAG,CAACQ,IAAJ,CAASS,KAAV,CAAN,CAAuBN,EAAvB,CAA0BF,EAA1B,CAA6BC,EAA7B,CAAgC,QAAhC;AACD,KAVC,CAAF;AAWAX,IAAAA,EAAE,CAAC,mFAAD,EAAsF,YAAY;AAClG,YAAMC,GAAG,GAAG,MAAMP,cAAKQ,OAAL,CAAaC,YAAb,EACfC,IADe,CACVN,QADU,EAEfO,IAFe,CAEVc,uBAAiB,CAAjB,CAFU,CAAlB;AAGAlB,MAAAA,GAAG,CAACT,MAAJ,CAAWe,IAAX,CAAgBC,MAAhB,CAAuB,GAAvB;AACAP,MAAAA,GAAG,CAACQ,IAAJ,CAASjB,MAAT,CAAgBkB,EAAhB,CAAmBC,EAAnB,CAAsB,QAAtB;AACAV,MAAAA,GAAG,CAACQ,IAAJ,CAASjB,MAAT,CAAgBe,IAAhB,CAAqBU,QAArB,CAA8B,QAA9B;AACAhB,MAAAA,GAAG,CAACQ,IAAJ,CAASjB,MAAT,CAAgBe,IAAhB,CAAqBU,QAArB,CAA8B,OAA9B;AACAxB,MAAAA,MAAM,CAACQ,GAAG,CAACQ,IAAJ,CAASD,MAAV,CAAN,CAAwBI,EAAxB,CAA2BC,KAA3B,CAAiC,GAAjC;AACApB,MAAAA,MAAM,CAACQ,GAAG,CAACQ,IAAJ,CAASS,KAAV,CAAN,CAAuBN,EAAvB,CAA0BC,KAA1B,CAAgC,uBAAhC;AACD,KAVC,CAAF;AAWAb,IAAAA,EAAE,CAAC,gHAAD,EAAmH,YAAY;AAC/H,YAAMC,GAAG,GAAG,MAAMP,cAAKQ,OAAL,CAAaC,YAAb,EACfC,IADe,CACVN,QADU,EAEfO,IAFe,CAEVc,uBAAiB,CAAjB,CAFU,CAAlB;AAGAlB,MAAAA,GAAG,CAACT,MAAJ,CAAWe,IAAX,CAAgBC,MAAhB,CAAuB,GAAvB;AACAP,MAAAA,GAAG,CAACQ,IAAJ,CAASjB,MAAT,CAAgBkB,EAAhB,CAAmBC,EAAnB,CAAsB,QAAtB;AACAV,MAAAA,GAAG,CAACQ,IAAJ,CAASjB,MAAT,CAAgBe,IAAhB,CAAqBU,QAArB,CAA8B,QAA9B;AACAhB,MAAAA,GAAG,CAACQ,IAAJ,CAASjB,MAAT,CAAgBe,IAAhB,CAAqBU,QAArB,CAA8B,OAA9B;AACAxB,MAAAA,MAAM,CAACQ,GAAG,CAACQ,IAAJ,CAASD,MAAV,CAAN,CAAwBI,EAAxB,CAA2BC,KAA3B,CAAiC,GAAjC;AACApB,MAAAA,MAAM,CAACQ,GAAG,CAACQ,IAAJ,CAASS,KAAV,CAAN,CAAuBN,EAAvB,CAA0BF,EAA1B,CAA6BC,EAA7B,CAAgC,QAAhC;AACD,KAVC,CAAF;AAWAX,IAAAA,EAAE,CAAC,oHAAD,EAAuH,YAAY;AACnI,YAAMC,GAAG,GAAG,MAAMP,cAAKQ,OAAL,CAAaC,YAAb,EACfC,IADe,CACVN,QADU,EAEfO,IAFe,CAEVc,uBAAiB,CAAjB,CAFU,CAAlB;AAGAlB,MAAAA,GAAG,CAACT,MAAJ,CAAWe,IAAX,CAAgBC,MAAhB,CAAuB,GAAvB;AACAP,MAAAA,GAAG,CAACQ,IAAJ,CAASjB,MAAT,CAAgBkB,EAAhB,CAAmBC,EAAnB,CAAsB,QAAtB;AACAV,MAAAA,GAAG,CAACQ,IAAJ,CAASjB,MAAT,CAAgBe,IAAhB,CAAqBU,QAArB,CAA8B,QAA9B;AACAhB,MAAAA,GAAG,CAACQ,IAAJ,CAASjB,MAAT,CAAgBe,IAAhB,CAAqBU,QAArB,CAA8B,OAA9B;AACAxB,MAAAA,MAAM,CAACQ,GAAG,CAACQ,IAAJ,CAASD,MAAV,CAAN,CAAwBI,EAAxB,CAA2BC,KAA3B,CAAiC,GAAjC;AACApB,MAAAA,MAAM,CAACQ,GAAG,CAACQ,IAAJ,CAASS,KAAV,CAAN,CAAuBN,EAAvB,CAA0BC,KAA1B,CAAgC,uBAAhC;AACD,KAVC,CAAF;AAWD,GAtDO,CAAR;AAuDD,CA9NO,CAAR","sourceRoot":"/Users/user/Documents/Projects/mkb/src/tests","sourcesContent":["import chai from 'chai';\nimport chaiHttp from 'chai-http';\nimport app from '../app';\n\nimport { validRegisterData, inValidRegisterData, inValidLoginData } from './mockData/user';\n\n\nconst { should, expect } = chai;\nshould();\n\nchai.use(chaiHttp);\n\nconst url = '/api/signup';\nconst loginUrl = '/api/login';\n\ndescribe('Test for user route', () => {\n  describe('Test for register API', () => {\n    it('Should return 201 status code and create new user', async () => {\n      const res = await chai.request(app)\n        .post(url)\n        .send(validRegisterData[0]);\n      res.should.have.status(201);\n      res.body.should.be.an('object');\n      expect(res.body.status).to.equal(201);\n      expect(res.body.data).to.be.a('object');\n    });\n    it('Should return 201 status code and create another user', async () => {\n      const res = await chai.request(app)\n        .post(url)\n        .send(validRegisterData[1]);\n      res.should.have.status(201);\n      res.body.should.be.an('object');\n      expect(res.body.status).to.equal(201);\n      expect(res.body.data).to.be.a('object');\n    });\n\n    it('Should return 201 status code and create another user', async () => {\n      const res = await chai.request(app)\n        .post(url)\n        .send(validRegisterData[2]);\n      res.should.have.status(201);\n      res.body.should.be.an('object');\n      expect(res.body.status).to.equal(201);\n      expect(res.body.data).to.be.a('object');\n    });\n    it('should return status code 400 and send error message for undefined/empty email', async () => {\n      const res = await chai\n        .request(app)\n        .post(url)\n        .send(inValidRegisterData[0]);\n      res.should.have.status(400);\n      res.body.should.be.a('object');\n      res.body.should.have.property('status');\n      res.body.should.have.property('error');\n      expect(res.body.status).to.equal(400);\n      expect(res.body.error).to.be.an('object');\n    });\n    it('should return status code 400 and send error message for spaced email', async () => {\n      const res = await chai\n        .request(app)\n        .post(url)\n        .send(inValidRegisterData[1]);\n      res.should.have.status(400);\n      res.body.should.be.a('object');\n      res.body.should.have.property('status');\n      res.body.should.have.property('error');\n      expect(res.body.status).to.equal(400);\n      expect(res.body.error).to.be.an('object');\n    });\n    it('should return status code 400 and send error message for invalid email format', async () => {\n      const res = await chai\n        .request(app)\n        .post(url)\n        .send(inValidRegisterData[2]);\n      res.should.have.status(400);\n      res.body.should.be.a('object');\n      res.body.should.have.property('status');\n      res.body.should.have.property('error');\n      expect(res.body.status).to.equal(400);\n      expect(res.body.error).to.be.an('object');\n    });\n    it('should return status code 409 and send error message for existing email', async () => {\n      const res = await chai\n        .request(app)\n        .post(url)\n        .send(inValidRegisterData[3]);\n      res.should.have.status(409);\n      res.body.should.be.a('object');\n      res.body.should.have.property('status');\n      res.body.should.have.property('error');\n      expect(res.body.status).to.equal(409);\n      expect(res.body.error).to.be.a('string');\n    });\n    // firstname\n    it('should return status code 400 and send error message for undefined/empty firstname', async () => {\n      const res = await chai\n        .request(app)\n        .post(url)\n        .send(inValidRegisterData[4]);\n      res.should.have.status(400);\n      res.body.should.be.a('object');\n      res.body.should.have.property('status');\n      res.body.should.have.property('error');\n      expect(res.body.status).to.equal(400);\n      expect(res.body.error).to.be.an('object');\n    });\n    it('should return status code 400 and send error message for spaced firstname', async () => {\n      const res = await chai\n        .request(app)\n        .post(url)\n        .send(inValidRegisterData[5]);\n      res.should.have.status(400);\n      res.body.should.be.a('object');\n      res.body.should.have.property('status');\n      res.body.should.have.property('error');\n      expect(res.body.status).to.equal(400);\n      expect(res.body.error).to.be.an('object');\n    });\n    it('should return status code 400 and send error message for short firstname', async () => {\n      const res = await chai\n        .request(app)\n        .post(url)\n        .send(inValidRegisterData[6]);\n      res.should.have.status(400);\n      res.body.should.be.a('object');\n      res.body.should.have.property('status');\n      res.body.should.have.property('error');\n      expect(res.body.status).to.equal(400);\n      expect(res.body.error).to.be.an('object');\n    });\n    // lastname\n    it('should return status code 400 and send error message for undefined/empty lastname', async () => {\n      const res = await chai\n        .request(app)\n        .post(url)\n        .send(inValidRegisterData[7]);\n      res.should.have.status(400);\n      res.body.should.be.a('object');\n      res.body.should.have.property('status');\n      res.body.should.have.property('error');\n      expect(res.body.status).to.equal(400);\n      expect(res.body.error).to.be.an('object');\n    });\n    it('should return status code 400 and send error message for spaced lastname', async () => {\n      const res = await chai\n        .request(app)\n        .post(url)\n        .send(inValidRegisterData[8]);\n      res.should.have.status(400);\n      res.body.should.be.a('object');\n      res.body.should.have.property('status');\n      res.body.should.have.property('error');\n      expect(res.body.status).to.equal(400);\n      expect(res.body.error).to.be.an('object');\n    });\n    // Password\n    it('should return status code 400 and send error message for undefined/empty password', async () => {\n      const res = await chai\n        .request(app)\n        .post(url)\n        .send(inValidRegisterData[9]);\n      res.should.have.status(400);\n      res.body.should.be.a('object');\n      res.body.should.have.property('status');\n      res.body.should.have.property('error');\n      expect(res.body.status).to.equal(400);\n      expect(res.body.error).to.be.an('object');\n    });\n    it('should return status code 400 and send error message for short password length', async () => {\n      const res = await chai\n        .request(app)\n        .post(url)\n        .send(inValidRegisterData[10]);\n      res.should.have.status(400);\n      res.body.should.be.a('object');\n      res.body.should.have.property('status');\n      res.body.should.have.property('error');\n      expect(res.body.status).to.equal(400);\n      expect(res.body.error).to.be.an('object');\n    });\n  });\n\n  describe('Test for login API', () => {\n    it('Should return 200 status code and log user in when correct details are supplied', async () => {\n      const res = await chai.request(app)\n        .post(loginUrl)\n        .send(validRegisterData[0]);\n      res.should.have.status(200);\n      res.body.should.be.an('object');\n      expect(res.body.status).to.equal(200);\n      expect(res.body.data).to.be.a('object');\n    });\n    it('Should return 400 status code and error message when email is not supplied/empty', async () => {\n      const res = await chai.request(app)\n        .post(loginUrl)\n        .send(inValidLoginData[0]);\n      res.should.have.status(400);\n      res.body.should.be.an('object');\n      res.body.should.have.property('status');\n      res.body.should.have.property('error');\n      expect(res.body.status).to.equal(400);\n      expect(res.body.error).to.be.an('object');\n    });\n    it('Should return 401 status code and error message when email is not found in the db', async () => {\n      const res = await chai.request(app)\n        .post(loginUrl)\n        .send(inValidLoginData[1]);\n      res.should.have.status(401);\n      res.body.should.be.an('object');\n      res.body.should.have.property('status');\n      res.body.should.have.property('error');\n      expect(res.body.status).to.equal(401);\n      expect(res.body.error).to.equal('Authentication failed');\n    });\n    it('Should return 400 status code and error message when correct email is supplied but password is empty/undefined', async () => {\n      const res = await chai.request(app)\n        .post(loginUrl)\n        .send(inValidLoginData[2]);\n      res.should.have.status(400);\n      res.body.should.be.an('object');\n      res.body.should.have.property('status');\n      res.body.should.have.property('error');\n      expect(res.body.status).to.equal(400);\n      expect(res.body.error).to.be.an('object');\n    });\n    it('Should return 401 status code and error message when correct email is supplied but password is not found in the db', async () => {\n      const res = await chai.request(app)\n        .post(loginUrl)\n        .send(inValidLoginData[3]);\n      res.should.have.status(401);\n      res.body.should.be.an('object');\n      res.body.should.have.property('status');\n      res.body.should.have.property('error');\n      expect(res.body.status).to.equal(401);\n      expect(res.body.error).to.equal('Authentication failed');\n    });\n  });\n});\n"]},"_coverageSchema":"1a1c01bbd47fc00a2c39e90264f33305004495a9","hash":"400044ebd6b3e29af1e25ae462ddc8058dcd74de","contentHash":"b770f61385cabaaa4dc22c5c088f3b9734c5404c9ab23df5ac4ff110d962f86d"},"/Users/user/Documents/Projects/mkb/src/app.js":{"path":"/Users/user/Documents/Projects/mkb/src/app.js","statementMap":{"0":{"start":{"line":3,"column":0},"end":{"line":5,"column":3}},"1":{"start":{"line":6,"column":0},"end":{"line":6,"column":25}},"2":{"start":{"line":8,"column":14},"end":{"line":8,"column":55}},"3":{"start":{"line":10,"column":15},"end":{"line":10,"column":57}},"4":{"start":{"line":12,"column":13},"end":{"line":12,"column":53}},"5":{"start":{"line":14,"column":22},"end":{"line":14,"column":72}},"6":{"start":{"line":16,"column":14},"end":{"line":16,"column":55}},"7":{"start":{"line":18,"column":18},"end":{"line":18,"column":64}},"8":{"start":{"line":20,"column":20},"end":{"line":20,"column":68}},"9":{"start":{"line":22,"column":14},"end":{"line":22,"column":33}},"10":{"start":{"line":24,"column":12},"end":{"line":24,"column":68}},"11":{"start":{"line":26,"column":39},"end":{"line":26,"column":93}},"12":{"start":{"line":29,"column":19},"end":{"line":29,"column":68}},"13":{"start":{"line":31,"column":15},"end":{"line":31,"column":44}},"14":{"start":{"line":33,"column":0},"end":{"line":33,"column":25}},"15":{"start":{"line":36,"column":0},"end":{"line":38,"column":3}},"16":{"start":{"line":37,"column":2},"end":{"line":37,"column":37}},"17":{"start":{"line":40,"column":12},"end":{"line":40,"column":35}},"18":{"start":{"line":41,"column":0},"end":{"line":41,"column":38}},"19":{"start":{"line":42,"column":0},"end":{"line":52,"column":4}},"20":{"start":{"line":54,"column":0},"end":{"line":54,"column":23}},"21":{"start":{"line":55,"column":0},"end":{"line":55,"column":37}},"22":{"start":{"line":57,"column":0},"end":{"line":57,"column":36}},"23":{"start":{"line":58,"column":0},"end":{"line":60,"column":4}},"24":{"start":{"line":61,"column":0},"end":{"line":61,"column":36}},"25":{"start":{"line":62,"column":0},"end":{"line":62,"column":36}},"26":{"start":{"line":63,"column":0},"end":{"line":63,"column":39}},"27":{"start":{"line":64,"column":0},"end":{"line":64,"column":39}},"28":{"start":{"line":65,"column":13},"end":{"line":65,"column":37}},"29":{"start":{"line":66,"column":0},"end":{"line":68,"column":3}},"30":{"start":{"line":67,"column":2},"end":{"line":67,"column":48}},"31":{"start":{"line":69,"column":15},"end":{"line":69,"column":18}},"32":{"start":{"line":70,"column":0},"end":{"line":70,"column":27}}},"fnMap":{"0":{"name":"_interopRequireDefault","decl":{"start":{"line":26,"column":9},"end":{"line":26,"column":31}},"loc":{"start":{"line":26,"column":37},"end":{"line":26,"column":95}},"line":26},"1":{"name":"(anonymous_1)","decl":{"start":{"line":36,"column":19},"end":{"line":36,"column":20}},"loc":{"start":{"line":36,"column":34},"end":{"line":38,"column":1}},"line":36},"2":{"name":"(anonymous_2)","decl":{"start":{"line":66,"column":17},"end":{"line":66,"column":18}},"loc":{"start":{"line":66,"column":23},"end":{"line":68,"column":1}},"line":66}},"branchMap":{"0":{"loc":{"start":{"line":26,"column":46},"end":{"line":26,"column":92}},"type":"cond-expr","locations":[{"start":{"line":26,"column":70},"end":{"line":26,"column":73}},{"start":{"line":26,"column":76},"end":{"line":26,"column":92}}],"line":26},"1":{"loc":{"start":{"line":26,"column":46},"end":{"line":26,"column":67}},"type":"binary-expr","locations":[{"start":{"line":26,"column":46},"end":{"line":26,"column":49}},{"start":{"line":26,"column":53},"end":{"line":26,"column":67}}],"line":26},"2":{"loc":{"start":{"line":65,"column":13},"end":{"line":65,"column":37}},"type":"binary-expr","locations":[{"start":{"line":65,"column":13},"end":{"line":65,"column":29}},{"start":{"line":65,"column":33},"end":{"line":65,"column":37}}],"line":65}},"s":{"0":1,"1":1,"2":1,"3":1,"4":1,"5":1,"6":1,"7":1,"8":1,"9":1,"10":1,"11":8,"12":1,"13":1,"14":1,"15":1,"16":0,"17":1,"18":1,"19":1,"20":1,"21":1,"22":1,"23":1,"24":1,"25":1,"26":1,"27":1,"28":1,"29":1,"30":1,"31":1,"32":1},"f":{"0":8,"1":0,"2":1},"b":{"0":[1,7],"1":[8,8],"2":[1,1]},"inputSourceMap":{"version":3,"sources":["app.js"],"names":["redisStore","require","session","client","redis","createClient","dotenv","config","on","err","console","log","app","use","secret","process","env","SECRETKEY","store","host","port","ttl","saveUninitialized","resave","limiter","bodyParser","json","urlencoded","extended","userRouter","teamRouter","fixtureRouter","defaultRouter","PORT","listen"],"mappings":";;;;;;;AACA;;AACA;;AACA;;AACA;;AAEA;;AACA;;AACA;;AACA;;AAGA;;;;AAZA;AAKA,MAAMA,UAAU,GAAGC,OAAO,CAAC,eAAD,CAAP,CAAyBC,uBAAzB,CAAnB;;AASA,MAAMC,MAAM,GAAGC,eAAMC,YAAN,EAAf;;AAEAC,gBAAOC,MAAP,G,CAEA;;;AACAJ,MAAM,CAACK,EAAP,CAAU,OAAV,EAAmB,UAASC,GAAT,EAAc;AAC/BC,EAAAA,OAAO,CAACC,GAAR,CAAY,kBAAkBF,GAA9B;AACD,CAFD,E,CAIA;;AACA,MAAMG,GAAG,GAAG,uBAAZ;AAEAA,GAAG,CAACC,GAAJ,CAAQ,4BAAR;AAEAD,GAAG,CAACC,GAAJ,CAAQ,6BAAQ;AACdC,EAAAA,MAAM,EAAEC,OAAO,CAACC,GAAR,CAAYC,SADN;AAEdC,EAAAA,KAAK,EAAE,IAAIlB,UAAJ,CAAe;AAAEmB,IAAAA,IAAI,EAAE,WAAR;AAAqBC,IAAAA,IAAI,EAAE,IAA3B;AAAiCjB,IAAAA,MAAM,EAAEA,MAAzC;AAAiDkB,IAAAA,GAAG,EAAC;AAArD,GAAf,CAFO;AAGdC,EAAAA,iBAAiB,EAAE,KAHL;AAIdC,EAAAA,MAAM,EAAE;AAJM,CAAR,CAAR,E,CAUA;;AACAX,GAAG,CAACC,GAAJ,CAAQW,aAAR;AAEAZ,GAAG,CAACC,GAAJ,CAAQ,qBAAO,KAAP,CAAR,E,CAEA;;AACAD,GAAG,CAACC,GAAJ,CAAQY,oBAAWC,IAAX,EAAR;AACAd,GAAG,CAACC,GAAJ,CAAQY,oBAAWE,UAAX,CAAsB;AAAEC,EAAAA,QAAQ,EAAE;AAAZ,CAAtB,CAAR;AAIAhB,GAAG,CAACC,GAAJ,CAAQ,MAAR,EAAgBgB,kBAAhB;AACAjB,GAAG,CAACC,GAAJ,CAAQ,MAAR,EAAgBiB,kBAAhB;AACAlB,GAAG,CAACC,GAAJ,CAAQ,MAAR,EAAgBkB,qBAAhB;AACAnB,GAAG,CAACC,GAAJ,CAAQ,MAAR,EAAgBmB,qBAAhB;AAGA,MAAMZ,IAAI,GAAGL,OAAO,CAACC,GAAR,CAAYiB,IAAZ,IAAoB,IAAjC;AAEArB,GAAG,CAACsB,MAAJ,CAAWd,IAAX,EAAiB,MAAM;AACrBV,EAAAA,OAAO,CAACC,GAAR,CAAa,0BAAyBS,IAAK,EAA3C;AACD,CAFD;eAKeR,G","sourceRoot":"/Users/user/Documents/Projects/mkb/src","sourcesContent":["/* eslint-disable max-len */\nimport dotenv from 'dotenv';\nimport express from 'express';\nimport redis from 'redis';\nimport session from 'express-session';\nconst redisStore = require('connect-redis')(session);\nimport logger from 'morgan';\nimport bodyParser from 'body-parser';\nimport cookieParser from 'cookie-parser';\nimport {\n  defaultRouter, userRouter, teamRouter, fixtureRouter\n} from './routes';\nimport limiter from '.././src/helpers/rate'\n\nconst client = redis.createClient();\n\ndotenv.config();\n\n// verify redis connection\nclient.on('error', function(err) {\n  console.log('Redis error: ' + err);\n}); \n\n// create a top level instance of express\nconst app = express();\n\napp.use(cookieParser());\n\napp.use(session({\n  secret: process.env.SECRETKEY,\n  store: new redisStore({ host: 'localhost', port: 6379, client: client, ttl:86400}),\n  saveUninitialized: false,\n  resave: false\n}))\n\n\n\n\n// limit IP api request\napp.use(limiter);\n\napp.use(logger('dev'));\n\n//app.use(cookieParser());\napp.use(bodyParser.json());\napp.use(bodyParser.urlencoded({ extended: true }));\n\n\n\napp.use('/api', userRouter);\napp.use('/api', teamRouter);\napp.use('/api', fixtureRouter);\napp.use('/api', defaultRouter);\n\n\nconst port = process.env.PORT || 5500;\n\napp.listen(port, () => {\n  console.log(`Server is live on PORT ${port}`);\n});\n\n\nexport default app;"]},"_coverageSchema":"1a1c01bbd47fc00a2c39e90264f33305004495a9","hash":"c1c283e3289c096edcb306a04207c90880144898","contentHash":"1f70a91d7329e1a8e6e8bebc32ee2273e53b3686e99b8d7feac8d20fa7939351"},"/Users/user/Documents/Projects/mkb/src/routes/index.js":{"path":"/Users/user/Documents/Projects/mkb/src/routes/index.js","statementMap":{"0":{"start":{"line":3,"column":0},"end":{"line":5,"column":3}},"1":{"start":{"line":6,"column":0},"end":{"line":11,"column":3}},"2":{"start":{"line":9,"column":4},"end":{"line":9,"column":28}},"3":{"start":{"line":12,"column":0},"end":{"line":17,"column":3}},"4":{"start":{"line":15,"column":4},"end":{"line":15,"column":28}},"5":{"start":{"line":18,"column":0},"end":{"line":23,"column":3}},"6":{"start":{"line":21,"column":4},"end":{"line":21,"column":34}},"7":{"start":{"line":24,"column":0},"end":{"line":29,"column":3}},"8":{"start":{"line":27,"column":4},"end":{"line":27,"column":34}},"9":{"start":{"line":31,"column":12},"end":{"line":31,"column":29}},"10":{"start":{"line":33,"column":12},"end":{"line":33,"column":29}},"11":{"start":{"line":35,"column":15},"end":{"line":35,"column":35}},"12":{"start":{"line":37,"column":15},"end":{"line":37,"column":35}}},"fnMap":{"0":{"name":"(anonymous_0)","decl":{"start":{"line":8,"column":7},"end":{"line":8,"column":8}},"loc":{"start":{"line":8,"column":19},"end":{"line":10,"column":3}},"line":8},"1":{"name":"(anonymous_1)","decl":{"start":{"line":14,"column":7},"end":{"line":14,"column":8}},"loc":{"start":{"line":14,"column":19},"end":{"line":16,"column":3}},"line":14},"2":{"name":"(anonymous_2)","decl":{"start":{"line":20,"column":7},"end":{"line":20,"column":8}},"loc":{"start":{"line":20,"column":19},"end":{"line":22,"column":3}},"line":20},"3":{"name":"(anonymous_3)","decl":{"start":{"line":26,"column":7},"end":{"line":26,"column":8}},"loc":{"start":{"line":26,"column":19},"end":{"line":28,"column":3}},"line":26}},"branchMap":{},"s":{"0":1,"1":1,"2":1,"3":1,"4":1,"5":1,"6":1,"7":1,"8":1,"9":1,"10":1,"11":1,"12":1},"f":{"0":1,"1":1,"2":1,"3":1},"b":{},"inputSourceMap":{"version":3,"sources":["index.js"],"names":[],"mappings":";;;;;;;;;;;;;;;;;;;;;;;;;;;;;;AAAA;;AACA;;AACA;;AACA","sourceRoot":"/Users/user/Documents/Projects/mkb/src/routes","sourcesContent":["import { userRouter } from './user';\nimport { teamRouter } from './team';\nimport { fixtureRouter } from './fixture';\nimport { defaultRouter } from './default';\n\n\nexport {\n    userRouter,\n    teamRouter,\n    fixtureRouter,\n    defaultRouter\n}"]},"_coverageSchema":"1a1c01bbd47fc00a2c39e90264f33305004495a9","hash":"e5ce974910d734cdbe5389b9169ce9a4b9cd64ec","contentHash":"fa9ab05c31997d138bcc8e20dedd62255f663abd888b20aa9bc60044d45b23ce"},"/Users/user/Documents/Projects/mkb/src/routes/user.js":{"path":"/Users/user/Documents/Projects/mkb/src/routes/user.js","statementMap":{"0":{"start":{"line":3,"column":0},"end":{"line":5,"column":3}},"1":{"start":{"line":6,"column":0},"end":{"line":6,"column":28}},"2":{"start":{"line":8,"column":15},"end":{"line":8,"column":57}},"3":{"start":{"line":10,"column":19},"end":{"line":10,"column":44}},"4":{"start":{"line":12,"column":19},"end":{"line":12,"column":44}},"5":{"start":{"line":14,"column":39},"end":{"line":14,"column":93}},"6":{"start":{"line":20,"column":4},"end":{"line":20,"column":30}},"7":{"start":{"line":25,"column":4},"end":{"line":25,"column":31}},"8":{"start":{"line":27,"column":19},"end":{"line":27,"column":44}},"9":{"start":{"line":29,"column":0},"end":{"line":29,"column":32}},"10":{"start":{"line":30,"column":0},"end":{"line":30,"column":55}},"11":{"start":{"line":31,"column":0},"end":{"line":31,"column":52}}},"fnMap":{"0":{"name":"_interopRequireDefault","decl":{"start":{"line":14,"column":9},"end":{"line":14,"column":31}},"loc":{"start":{"line":14,"column":37},"end":{"line":14,"column":95}},"line":14}},"branchMap":{"0":{"loc":{"start":{"line":14,"column":46},"end":{"line":14,"column":92}},"type":"cond-expr","locations":[{"start":{"line":14,"column":70},"end":{"line":14,"column":73}},{"start":{"line":14,"column":76},"end":{"line":14,"column":92}}],"line":14},"1":{"loc":{"start":{"line":14,"column":46},"end":{"line":14,"column":67}},"type":"binary-expr","locations":[{"start":{"line":14,"column":46},"end":{"line":14,"column":49}},{"start":{"line":14,"column":53},"end":{"line":14,"column":67}}],"line":14}},"s":{"0":1,"1":1,"2":1,"3":1,"4":1,"5":1,"6":1,"7":1,"8":1,"9":1,"10":1,"11":1},"f":{"0":1},"b":{"0":[0,1],"1":[1,1]},"inputSourceMap":{"version":3,"sources":["user.js"],"names":["validateSignup","validateLogin","userValidator","signupUser","loginUser","logSession","userController","userRouter","express","Router","post"],"mappings":";;;;;;;AAAA;;AACA;;AAEA;;;;AADA;AAGA,MAAM;AAAEA,EAAAA,cAAF;AAAkBC,EAAAA;AAAlB,IAAoCC,0BAA1C;AACA,MAAM;AAAEC,EAAAA,UAAF;AAAcC,EAAAA,SAAd;AAAyBC,EAAAA;AAAzB,IAAwCC,2BAA9C;;AAEO,MAAMC,UAAU,GAAGC,iBAAQC,MAAR,EAAnB;;;AAEPF,UAAU,CAACG,IAAX,CAAgB,SAAhB,EAA2BV,cAA3B,EAA2CG,UAA3C;AACAI,UAAU,CAACG,IAAX,CAAgB,QAAhB,EAA0BT,aAA1B,EAAyCG,SAAzC,E,CACA","sourceRoot":"/Users/user/Documents/Projects/mkb/src/routes","sourcesContent":["import express from 'express';\nimport { userValidator } from '../validations';\n//import { verifyToken, verifyAdmin } from '../middlewares/auth';\nimport { userController } from '../controllers';\n\nconst { validateSignup, validateLogin } = userValidator;\nconst { signupUser, loginUser, logSession } = userController;\n\nexport const userRouter = express.Router();\n\nuserRouter.post('/signup', validateSignup, signupUser);\nuserRouter.post('/login', validateLogin, loginUser);\n//userRouter.get('/log', verifyToken, logSession);"]},"_coverageSchema":"1a1c01bbd47fc00a2c39e90264f33305004495a9","hash":"2a73662e6ff297da76647dc87bb6d71e505ba28e","contentHash":"5a2181f3c3a7ea70733a48db91ef10715bff593e0104affe3ce34afa15ffe38d"},"/Users/user/Documents/Projects/mkb/src/validations/index.js":{"path":"/Users/user/Documents/Projects/mkb/src/validations/index.js","statementMap":{"0":{"start":{"line":3,"column":0},"end":{"line":5,"column":3}},"1":{"start":{"line":6,"column":0},"end":{"line":11,"column":3}},"2":{"start":{"line":9,"column":4},"end":{"line":9,"column":31}},"3":{"start":{"line":12,"column":0},"end":{"line":17,"column":3}},"4":{"start":{"line":15,"column":4},"end":{"line":15,"column":31}},"5":{"start":{"line":18,"column":0},"end":{"line":23,"column":3}},"6":{"start":{"line":21,"column":4},"end":{"line":21,"column":35}},"7":{"start":{"line":24,"column":0},"end":{"line":29,"column":3}},"8":{"start":{"line":27,"column":4},"end":{"line":27,"column":37}},"9":{"start":{"line":31,"column":12},"end":{"line":31,"column":29}},"10":{"start":{"line":33,"column":12},"end":{"line":33,"column":29}},"11":{"start":{"line":35,"column":15},"end":{"line":35,"column":35}}},"fnMap":{"0":{"name":"(anonymous_0)","decl":{"start":{"line":8,"column":7},"end":{"line":8,"column":8}},"loc":{"start":{"line":8,"column":19},"end":{"line":10,"column":3}},"line":8},"1":{"name":"(anonymous_1)","decl":{"start":{"line":14,"column":7},"end":{"line":14,"column":8}},"loc":{"start":{"line":14,"column":19},"end":{"line":16,"column":3}},"line":14},"2":{"name":"(anonymous_2)","decl":{"start":{"line":20,"column":7},"end":{"line":20,"column":8}},"loc":{"start":{"line":20,"column":19},"end":{"line":22,"column":3}},"line":20},"3":{"name":"(anonymous_3)","decl":{"start":{"line":26,"column":7},"end":{"line":26,"column":8}},"loc":{"start":{"line":26,"column":19},"end":{"line":28,"column":3}},"line":26}},"branchMap":{},"s":{"0":1,"1":1,"2":1,"3":1,"4":1,"5":1,"6":3,"7":1,"8":1,"9":1,"10":1,"11":1},"f":{"0":1,"1":1,"2":3,"3":1},"b":{},"inputSourceMap":{"version":3,"sources":["index.js"],"names":[],"mappings":";;;;;;;;;;;;;;;;;;;;;;;;;;;;;;AAAA;;AACA;;AACA","sourceRoot":"/Users/user/Documents/Projects/mkb/src/validations","sourcesContent":["import { userValidator } from './user';\nimport { teamValidator, getOneTeamChecker } from './team';\nimport { fixtureValidator } from './fixture';\n\nexport {\n  userValidator,\n  teamValidator,\n  getOneTeamChecker,\n  fixtureValidator\n};\n"]},"_coverageSchema":"1a1c01bbd47fc00a2c39e90264f33305004495a9","hash":"0f08e2438aa4ce13498d1c791a5b34f37a8556cc","contentHash":"2b32afbc5ae50576488d43411169d8fe6a94c2c56292e1187fd760ca8bb5fe82"},"/Users/user/Documents/Projects/mkb/src/validations/user.js":{"path":"/Users/user/Documents/Projects/mkb/src/validations/user.js","statementMap":{"0":{"start":{"line":3,"column":0},"end":{"line":5,"column":3}},"1":{"start":{"line":6,"column":0},"end":{"line":6,"column":31}},"2":{"start":{"line":8,"column":19},"end":{"line":8,"column":65}},"3":{"start":{"line":10,"column":14},"end":{"line":10,"column":58}},"4":{"start":{"line":12,"column":11},"end":{"line":12,"column":36}},"5":{"start":{"line":14,"column":39},"end":{"line":14,"column":93}},"6":{"start":{"line":16,"column":22},"end":{"line":122,"column":1}},"7":{"start":{"line":29,"column":8},"end":{"line":29,"column":16}},"8":{"start":{"line":30,"column":18},"end":{"line":35,"column":5}},"9":{"start":{"line":36,"column":23},"end":{"line":36,"column":64}},"10":{"start":{"line":38,"column":4},"end":{"line":43,"column":5}},"11":{"start":{"line":39,"column":6},"end":{"line":42,"column":9}},"12":{"start":{"line":45,"column":4},"end":{"line":45,"column":39}},"13":{"start":{"line":47,"column":4},"end":{"line":63,"column":5}},"14":{"start":{"line":50,"column":10},"end":{"line":50,"column":61}},"15":{"start":{"line":52,"column":6},"end":{"line":57,"column":7}},"16":{"start":{"line":53,"column":8},"end":{"line":56,"column":11}},"17":{"start":{"line":59,"column":6},"end":{"line":62,"column":9}},"18":{"start":{"line":65,"column":4},"end":{"line":65,"column":27}},"19":{"start":{"line":66,"column":4},"end":{"line":66,"column":40}},"20":{"start":{"line":67,"column":4},"end":{"line":67,"column":56}},"21":{"start":{"line":68,"column":4},"end":{"line":68,"column":54}},"22":{"start":{"line":69,"column":4},"end":{"line":69,"column":18}},"23":{"start":{"line":82,"column":8},"end":{"line":82,"column":16}},"24":{"start":{"line":83,"column":18},"end":{"line":86,"column":5}},"25":{"start":{"line":87,"column":23},"end":{"line":87,"column":64}},"26":{"start":{"line":89,"column":4},"end":{"line":94,"column":5}},"27":{"start":{"line":90,"column":6},"end":{"line":93,"column":9}},"28":{"start":{"line":96,"column":4},"end":{"line":96,"column":39}},"29":{"start":{"line":98,"column":4},"end":{"line":114,"column":5}},"30":{"start":{"line":101,"column":10},"end":{"line":101,"column":61}},"31":{"start":{"line":103,"column":6},"end":{"line":108,"column":7}},"32":{"start":{"line":104,"column":8},"end":{"line":107,"column":11}},"33":{"start":{"line":110,"column":6},"end":{"line":113,"column":9}},"34":{"start":{"line":116,"column":4},"end":{"line":116,"column":31}},"35":{"start":{"line":117,"column":4},"end":{"line":117,"column":27}},"36":{"start":{"line":118,"column":4},"end":{"line":118,"column":33}},"37":{"start":{"line":119,"column":4},"end":{"line":119,"column":18}},"38":{"start":{"line":123,"column":0},"end":{"line":123,"column":38}}},"fnMap":{"0":{"name":"_interopRequireDefault","decl":{"start":{"line":14,"column":9},"end":{"line":14,"column":31}},"loc":{"start":{"line":14,"column":37},"end":{"line":14,"column":95}},"line":14},"1":{"name":"(anonymous_1)","decl":{"start":{"line":23,"column":2},"end":{"line":23,"column":3}},"loc":{"start":{"line":23,"column":39},"end":{"line":70,"column":3}},"line":23},"2":{"name":"(anonymous_2)","decl":{"start":{"line":78,"column":2},"end":{"line":78,"column":3}},"loc":{"start":{"line":78,"column":38},"end":{"line":120,"column":3}},"line":78}},"branchMap":{"0":{"loc":{"start":{"line":14,"column":46},"end":{"line":14,"column":92}},"type":"cond-expr","locations":[{"start":{"line":14,"column":70},"end":{"line":14,"column":73}},{"start":{"line":14,"column":76},"end":{"line":14,"column":92}}],"line":14},"1":{"loc":{"start":{"line":14,"column":46},"end":{"line":14,"column":67}},"type":"binary-expr","locations":[{"start":{"line":14,"column":46},"end":{"line":14,"column":49}},{"start":{"line":14,"column":53},"end":{"line":14,"column":67}}],"line":14},"2":{"loc":{"start":{"line":38,"column":4},"end":{"line":43,"column":5}},"type":"if","locations":[{"start":{"line":38,"column":4},"end":{"line":43,"column":5}},{"start":{"line":38,"column":4},"end":{"line":43,"column":5}}],"line":38},"3":{"loc":{"start":{"line":52,"column":6},"end":{"line":57,"column":7}},"type":"if","locations":[{"start":{"line":52,"column":6},"end":{"line":57,"column":7}},{"start":{"line":52,"column":6},"end":{"line":57,"column":7}}],"line":52},"4":{"loc":{"start":{"line":89,"column":4},"end":{"line":94,"column":5}},"type":"if","locations":[{"start":{"line":89,"column":4},"end":{"line":94,"column":5}},{"start":{"line":89,"column":4},"end":{"line":94,"column":5}}],"line":89},"5":{"loc":{"start":{"line":103,"column":6},"end":{"line":108,"column":7}},"type":"if","locations":[{"start":{"line":103,"column":6},"end":{"line":108,"column":7}},{"start":{"line":103,"column":6},"end":{"line":108,"column":7}}],"line":103}},"s":{"0":1,"1":1,"2":1,"3":1,"4":1,"5":2,"6":1,"7":14,"8":14,"9":14,"10":14,"11":10,"12":4,"13":4,"14":4,"15":4,"16":1,"17":0,"18":3,"19":3,"20":3,"21":3,"22":3,"23":5,"24":5,"25":5,"26":5,"27":2,"28":3,"29":3,"30":3,"31":3,"32":1,"33":0,"34":2,"35":2,"36":2,"37":2,"38":1},"f":{"0":2,"1":14,"2":5},"b":{"0":[1,1],"1":[2,2],"2":[10,4],"3":[1,3],"4":[2,3],"5":[1,2]},"inputSourceMap":{"version":3,"sources":["user.js"],"names":["userValidator","validateSignup","req","res","next","email","password","firstname","lastname","body","rules","validation","Validator","fails","status","json","error","errors","toLowerCase","trim","rows","db","query","findUser","message","validateLogin","rowCount"],"mappings":";;;;;;;AAAA;;AACA;;AACA;;;;AAEO,MAAMA,aAAa,GAAG;AAE3B;;;;;;AAMA,QAAMC,cAAN,CAAqBC,GAArB,EAA0BC,GAA1B,EAA+BC,IAA/B,EAAqC;AACnC,QAAI;AACFC,MAAAA,KADE;AACKC,MAAAA,QADL;AACeC,MAAAA,SADf;AAC0BC,MAAAA;AAD1B,QAEAN,GAAG,CAACO,IAFR;AAIA,UAAMC,KAAK,GAAG;AACZL,MAAAA,KAAK,EAAE,8BADK;AAEZC,MAAAA,QAAQ,EAAE,uBAFE;AAGZC,MAAAA,SAAS,EAAE,6BAHC;AAIZC,MAAAA,QAAQ,EAAE;AAJE,KAAd;AAOA,UAAMG,UAAU,GAAG,IAAIC,oBAAJ,CAAcV,GAAG,CAACO,IAAlB,EAAwBC,KAAxB,CAAnB;;AAEA,QAAIC,UAAU,CAACE,KAAX,EAAJ,EAAwB;AACtB,aAAOV,GAAG,CAACW,MAAJ,CAAW,GAAX,EAAgBC,IAAhB,CAAqB;AAC1BD,QAAAA,MAAM,EAAE,GADkB;AAE1BE,QAAAA,KAAK,EAAEL,UAAU,CAACM,MAAX,CAAkBA;AAFC,OAArB,CAAP;AAID;;AACDZ,IAAAA,KAAK,GAAGA,KAAK,CAACa,WAAN,GAAoBC,IAApB,EAAR;;AACA,QAAI;AACF,YAAM;AAAEC,QAAAA;AAAF,UAAW,MAAMC,gBAAGC,KAAH,CAASC,aAAT,EAAmB,CAAClB,KAAD,CAAnB,CAAvB;;AACA,UAAIe,IAAI,CAAC,CAAD,CAAR,EAAa;AACX,eAAOjB,GAAG,CAACW,MAAJ,CAAW,GAAX,EAAgBC,IAAhB,CAAqB;AAC1BD,UAAAA,MAAM,EAAE,GADkB;AAE1BE,UAAAA,KAAK,EAAG,GAAEX,KAAM;AAFU,SAArB,CAAP;AAID;AACF,KARD,CAQE,OAAOW,KAAP,EAAc;AACd,aAAOb,GAAG,CAACW,MAAJ,CAAW,GAAX,EAAgBC,IAAhB,CAAqB;AAC1BD,QAAAA,MAAM,EAAE,GADkB;AAE1BE,QAAAA,KAAK,EAAEA,KAAK,CAACQ;AAFa,OAArB,CAAP;AAID;;AACDtB,IAAAA,GAAG,CAACO,IAAJ,CAASJ,KAAT,GAAiBA,KAAjB;AACAH,IAAAA,GAAG,CAACO,IAAJ,CAASH,QAAT,GAAoBA,QAAQ,CAACa,IAAT,EAApB;AACAjB,IAAAA,GAAG,CAACO,IAAJ,CAASF,SAAT,GAAqBA,SAAS,CAACW,WAAV,GAAwBC,IAAxB,EAArB;AACAjB,IAAAA,GAAG,CAACO,IAAJ,CAASD,QAAT,GAAoBA,QAAQ,CAACU,WAAT,GAAuBC,IAAvB,EAApB;AACA,WAAOf,IAAI,EAAX;AACD,GAhD0B;;AAkD3B;;;;;;AAMA,QAAMqB,aAAN,CAAoBvB,GAApB,EAAyBC,GAAzB,EAA8BC,IAA9B,EAAoC;AAClC,QAAI;AAAEC,MAAAA,KAAF;AAASC,MAAAA;AAAT,QAAsBJ,GAAG,CAACO,IAA9B;AAEA,UAAMC,KAAK,GAAG;AACZL,MAAAA,KAAK,EAAE,gBADK;AAEZC,MAAAA,QAAQ,EAAE;AAFE,KAAd;AAIA,UAAMK,UAAU,GAAG,IAAIC,oBAAJ,CAAcV,GAAG,CAACO,IAAlB,EAAwBC,KAAxB,CAAnB;;AAEA,QAAIC,UAAU,CAACE,KAAX,EAAJ,EAAwB;AACtB,aAAOV,GAAG,CAACW,MAAJ,CAAW,GAAX,EAAgBC,IAAhB,CAAqB;AAC1BD,QAAAA,MAAM,EAAE,GADkB;AAE1BE,QAAAA,KAAK,EAAEL,UAAU,CAACM,MAAX,CAAkBA;AAFC,OAArB,CAAP;AAID;;AAEDZ,IAAAA,KAAK,GAAGA,KAAK,CAACa,WAAN,GAAoBC,IAApB,EAAR;;AACA,QAAI;AACF,YAAM;AAAEO,QAAAA;AAAF,UAAe,MAAML,gBAAGC,KAAH,CAASC,aAAT,EAAmB,CAAClB,KAAD,CAAnB,CAA3B;;AACA,UAAIqB,QAAQ,KAAK,CAAjB,EAAoB;AAClB,eAAOvB,GAAG,CAACW,MAAJ,CAAW,GAAX,EAAgBC,IAAhB,CAAqB;AAC1BD,UAAAA,MAAM,EAAE,GADkB;AAE1BE,UAAAA,KAAK,EAAE;AAFmB,SAArB,CAAP;AAID;AACF,KARD,CAQE,OAAOA,KAAP,EAAc;AACd,aAAOb,GAAG,CAACW,MAAJ,CAAW,GAAX,EAAgBC,IAAhB,CAAqB;AAC1BD,QAAAA,MAAM,EAAE,GADkB;AAE1BE,QAAAA,KAAK,EAAEA,KAAK,CAACQ;AAFa,OAArB,CAAP;AAID;;AAEDlB,IAAAA,QAAQ,GAAGA,QAAQ,CAACa,IAAT,EAAX;AACAjB,IAAAA,GAAG,CAACO,IAAJ,CAASJ,KAAT,GAAiBA,KAAjB;AACAH,IAAAA,GAAG,CAACO,IAAJ,CAASH,QAAT,GAAoBA,QAApB;AACA,WAAOF,IAAI,EAAX;AACD;;AA5F0B,CAAtB","sourceRoot":"/Users/user/Documents/Projects/mkb/src/validations","sourcesContent":["import Validator from 'validatorjs';\nimport db from '../config';\nimport { findUser } from '../helpers/sql';\n\nexport const userValidator = {\n\n  /** This functions validates signup data\n      * @param {object} req - The request object\n      * @param {object} res - The response oject\n      * @param {function} next\n      * @returns {object} JSON representing the failure message\n      */\n  async validateSignup(req, res, next) {\n    let {\n      email, password, firstname, lastname\n    } = req.body;\n\n    const rules = {\n      email: 'required|email|min:10|max:30',\n      password: 'required|min:6|max:16',\n      firstname: 'required|min:2|max:20|alpha',\n      lastname: 'required|min:2|max:20|alpha'\n    };\n\n    const validation = new Validator(req.body, rules);\n\n    if (validation.fails()) {\n      return res.status(400).json({\n        status: 400,\n        error: validation.errors.errors\n      });\n    }\n    email = email.toLowerCase().trim();\n    try {\n      const { rows } = await db.query(findUser, [email]);\n      if (rows[0]) {\n        return res.status(409).json({\n          status: 409,\n          error: `${email} already exists!`,\n        });\n      }\n    } catch (error) {\n      return res.status(500).json({\n        status: 500,\n        error: error.message,\n      });\n    }\n    req.body.email = email;\n    req.body.password = password.trim();\n    req.body.firstname = firstname.toLowerCase().trim();\n    req.body.lastname = lastname.toLowerCase().trim();\n    return next();\n  },\n\n  /** This function validates login data\n      * @param {object} req - The request object\n      * @param {object} res - The response oject\n      * @param {function} next\n      * @returns {object} JSON representing the failure message\n  */\n  async validateLogin(req, res, next) {\n    let { email, password } = req.body;\n\n    const rules = {\n      email: 'required|email',\n      password: 'required'\n    };\n    const validation = new Validator(req.body, rules);\n\n    if (validation.fails()) {\n      return res.status(400).json({\n        status: 400,\n        error: validation.errors.errors\n      });\n    }\n\n    email = email.toLowerCase().trim();\n    try {\n      const { rowCount } = await db.query(findUser, [email]);\n      if (rowCount === 0) {\n        return res.status(401).json({\n          status: 401,\n          error: 'Authentication failed'\n        });\n      }\n    } catch (error) {\n      return res.status(500).json({\n        status: 500,\n        error: error.message,\n      });\n    }\n\n    password = password.trim();\n    req.body.email = email;\n    req.body.password = password;\n    return next();\n  }\n};"]},"_coverageSchema":"1a1c01bbd47fc00a2c39e90264f33305004495a9","hash":"e05f3e5fd410e8d09e8cf75fc7f162c5c8cb7c4e","contentHash":"a7beb1dddcd6660d35f92168539217965ea658732c5a2469f9c789dc67b43f3d"},"/Users/user/Documents/Projects/mkb/src/config/index.js":{"path":"/Users/user/Documents/Projects/mkb/src/config/index.js","statementMap":{"0":{"start":{"line":3,"column":0},"end":{"line":5,"column":3}},"1":{"start":{"line":6,"column":0},"end":{"line":6,"column":25}},"2":{"start":{"line":8,"column":14},"end":{"line":8,"column":57}},"3":{"start":{"line":10,"column":39},"end":{"line":10,"column":93}},"4":{"start":{"line":12,"column":15},"end":{"line":28,"column":1}},"5":{"start":{"line":20,"column":4},"end":{"line":25,"column":5}},"6":{"start":{"line":21,"column":21},"end":{"line":21,"column":62}},"7":{"start":{"line":22,"column":6},"end":{"line":22,"column":20}},"8":{"start":{"line":24,"column":6},"end":{"line":24,"column":31}},"9":{"start":{"line":29,"column":0},"end":{"line":29,"column":27}}},"fnMap":{"0":{"name":"_interopRequireDefault","decl":{"start":{"line":10,"column":9},"end":{"line":10,"column":31}},"loc":{"start":{"line":10,"column":37},"end":{"line":10,"column":95}},"line":10},"1":{"name":"(anonymous_1)","decl":{"start":{"line":19,"column":2},"end":{"line":19,"column":3}},"loc":{"start":{"line":19,"column":28},"end":{"line":26,"column":3}},"line":19}},"branchMap":{"0":{"loc":{"start":{"line":10,"column":46},"end":{"line":10,"column":92}},"type":"cond-expr","locations":[{"start":{"line":10,"column":70},"end":{"line":10,"column":73}},{"start":{"line":10,"column":76},"end":{"line":10,"column":92}}],"line":10},"1":{"loc":{"start":{"line":10,"column":46},"end":{"line":10,"column":67}},"type":"binary-expr","locations":[{"start":{"line":10,"column":46},"end":{"line":10,"column":49}},{"start":{"line":10,"column":53},"end":{"line":10,"column":67}}],"line":10}},"s":{"0":1,"1":1,"2":1,"3":1,"4":1,"5":41,"6":41,"7":41,"8":0,"9":1},"f":{"0":1,"1":41},"b":{"0":[1,0],"1":[1,1]},"inputSourceMap":{"version":3,"sources":["index.js"],"names":["query","text","params","result","pool","error","console","log"],"mappings":";;;;;;;AAAA;;;;eAEe;AACX;;;;;;AAOF,QAAMA,KAAN,CAAYC,IAAZ,EAAkBC,MAAlB,EAA0B;AACxB,QAAI;AACF,YAAMC,MAAM,GAAG,MAAMC,gBAAKJ,KAAL,CAAWC,IAAX,EAAiBC,MAAjB,CAArB;AACA,aAAOC,MAAP;AACD,KAHD,CAGE,OAAOE,KAAP,EAAc;AACdC,MAAAA,OAAO,CAACC,GAAR,CAAY,IAAZ,EAAkBF,KAAlB;AACD;AACF;;AAfY,C","sourceRoot":"/Users/user/Documents/Projects/mkb/src/config","sourcesContent":["import pool from './config';\n\nexport default {\n    /**\n     * DB Abstraction\n     * @param {string} text\n     * @param {string} params\n     *\n    */\n\n  async query(text, params) {\n    try {\n      const result = await pool.query(text, params);\n      return result;\n    } catch (error) {\n      console.log('DB', error);\n    }\n  }\n};"]},"_coverageSchema":"1a1c01bbd47fc00a2c39e90264f33305004495a9","hash":"69b327c2a9724a632d721421a991f1cfe80b03bc","contentHash":"28a1446ffe11694abf2967c4d4bfbfe4ae30dc03dc7dcaedb1a981c171ccb4bd"},"/Users/user/Documents/Projects/mkb/src/config/config.js":{"path":"/Users/user/Documents/Projects/mkb/src/config/config.js","statementMap":{"0":{"start":{"line":3,"column":0},"end":{"line":5,"column":3}},"1":{"start":{"line":6,"column":0},"end":{"line":6,"column":25}},"2":{"start":{"line":8,"column":10},"end":{"line":8,"column":23}},"3":{"start":{"line":10,"column":14},"end":{"line":10,"column":55}},"4":{"start":{"line":12,"column":39},"end":{"line":12,"column":93}},"5":{"start":{"line":14,"column":0},"end":{"line":14,"column":25}},"6":{"start":{"line":18,"column":0},"end":{"line":22,"column":1}},"7":{"start":{"line":19,"column":2},"end":{"line":21,"column":4}},"8":{"start":{"line":24,"column":0},"end":{"line":26,"column":2}},"9":{"start":{"line":27,"column":13},"end":{"line":27,"column":37}},"10":{"start":{"line":28,"column":15},"end":{"line":28,"column":19}},"11":{"start":{"line":29,"column":0},"end":{"line":29,"column":27}}},"fnMap":{"0":{"name":"_interopRequireDefault","decl":{"start":{"line":12,"column":9},"end":{"line":12,"column":31}},"loc":{"start":{"line":12,"column":37},"end":{"line":12,"column":95}},"line":12}},"branchMap":{"0":{"loc":{"start":{"line":12,"column":46},"end":{"line":12,"column":92}},"type":"cond-expr","locations":[{"start":{"line":12,"column":70},"end":{"line":12,"column":73}},{"start":{"line":12,"column":76},"end":{"line":12,"column":92}}],"line":12},"1":{"loc":{"start":{"line":12,"column":46},"end":{"line":12,"column":67}},"type":"binary-expr","locations":[{"start":{"line":12,"column":46},"end":{"line":12,"column":49}},{"start":{"line":12,"column":53},"end":{"line":12,"column":67}}],"line":12},"2":{"loc":{"start":{"line":18,"column":0},"end":{"line":22,"column":1}},"type":"if","locations":[{"start":{"line":18,"column":0},"end":{"line":22,"column":1}},{"start":{"line":18,"column":0},"end":{"line":22,"column":1}}],"line":18}},"s":{"0":1,"1":1,"2":1,"3":1,"4":1,"5":1,"6":1,"7":0,"8":1,"9":1,"10":1,"11":1},"f":{"0":1},"b":{"0":[0,1],"1":[1,1],"2":[0,1]},"inputSourceMap":{"version":3,"sources":["config.js"],"names":["dotenv","config","connection","process","env","NODE_ENV","connectionString","TESTDB_URL","DATABASE_URL","pool","Pool"],"mappings":";;;;;;;AAAA;;AACA;;;;AAEAA,gBAAOC,MAAP;;AAEA,IAAIC,UAAJ;;AAEA,IAAIC,OAAO,CAACC,GAAR,CAAYC,QAAZ,KAAyB,MAA7B,EAAqC;AACnCH,EAAAA,UAAU,GAAG;AACXI,IAAAA,gBAAgB,EAAEH,OAAO,CAACC,GAAR,CAAYG;AADnB,GAAb;AAGD;;AACDL,UAAU,GAAG;AACXI,EAAAA,gBAAgB,EAAEH,OAAO,CAACC,GAAR,CAAYI;AADnB,CAAb;AAIA,MAAMC,IAAI,GAAG,IAAIC,QAAJ,CAASR,UAAT,CAAb;eACeO,I","sourceRoot":"/Users/user/Documents/Projects/mkb/src/config","sourcesContent":["import { Pool } from 'pg';\nimport dotenv from 'dotenv';\n\ndotenv.config();\n\nlet connection;\n\nif (process.env.NODE_ENV === 'test') {\n  connection = {\n    connectionString: process.env.TESTDB_URL\n  };\n}\nconnection = {\n  connectionString: process.env.DATABASE_URL\n};\n\nconst pool = new Pool(connection);\nexport default pool;"]},"_coverageSchema":"1a1c01bbd47fc00a2c39e90264f33305004495a9","hash":"c0c0aa5eb4d3404d5ee90ba03f0b42d58599b388","contentHash":"5bb03694d329f7cb400f241f934e0f1e0f20c5176d769f374ae53530f92a5dba"},"/Users/user/Documents/Projects/mkb/src/helpers/sql.js":{"path":"/Users/user/Documents/Projects/mkb/src/helpers/sql.js","statementMap":{"0":{"start":{"line":3,"column":0},"end":{"line":5,"column":3}},"1":{"start":{"line":6,"column":0},"end":{"line":6,"column":483}},"2":{"start":{"line":7,"column":17},"end":{"line":7,"column":53}},"3":{"start":{"line":8,"column":0},"end":{"line":8,"column":28}},"4":{"start":{"line":9,"column":19},"end":{"line":9,"column":113}},"5":{"start":{"line":10,"column":0},"end":{"line":10,"column":32}},"6":{"start":{"line":11,"column":16},"end":{"line":11,"column":66}},"7":{"start":{"line":12,"column":0},"end":{"line":12,"column":26}},"8":{"start":{"line":13,"column":21},"end":{"line":13,"column":54}},"9":{"start":{"line":14,"column":0},"end":{"line":14,"column":36}},"10":{"start":{"line":15,"column":23},"end":{"line":15,"column":58}},"11":{"start":{"line":16,"column":0},"end":{"line":16,"column":40}},"12":{"start":{"line":17,"column":22},"end":{"line":17,"column":43}},"13":{"start":{"line":18,"column":0},"end":{"line":18,"column":38}},"14":{"start":{"line":19,"column":22},"end":{"line":19,"column":76}},"15":{"start":{"line":20,"column":0},"end":{"line":20,"column":38}},"16":{"start":{"line":21,"column":24},"end":{"line":21,"column":67}},"17":{"start":{"line":22,"column":0},"end":{"line":22,"column":42}},"18":{"start":{"line":23,"column":24},"end":{"line":23,"column":157}},"19":{"start":{"line":24,"column":0},"end":{"line":24,"column":42}},"20":{"start":{"line":25,"column":24},"end":{"line":25,"column":60}},"21":{"start":{"line":26,"column":0},"end":{"line":26,"column":42}},"22":{"start":{"line":27,"column":25},"end":{"line":27,"column":49}},"23":{"start":{"line":28,"column":0},"end":{"line":28,"column":44}},"24":{"start":{"line":29,"column":25},"end":{"line":29,"column":105}},"25":{"start":{"line":30,"column":0},"end":{"line":30,"column":44}},"26":{"start":{"line":31,"column":27},"end":{"line":31,"column":73}},"27":{"start":{"line":32,"column":0},"end":{"line":32,"column":48}},"28":{"start":{"line":33,"column":30},"end":{"line":33,"column":70}},"29":{"start":{"line":34,"column":0},"end":{"line":34,"column":54}},"30":{"start":{"line":35,"column":28},"end":{"line":35,"column":72}},"31":{"start":{"line":36,"column":0},"end":{"line":36,"column":50}},"32":{"start":{"line":37,"column":22},"end":{"line":37,"column":64}},"33":{"start":{"line":38,"column":0},"end":{"line":38,"column":38}},"34":{"start":{"line":39,"column":22},"end":{"line":39,"column":64}},"35":{"start":{"line":40,"column":0},"end":{"line":40,"column":38}},"36":{"start":{"line":41,"column":24},"end":{"line":41,"column":69}},"37":{"start":{"line":42,"column":0},"end":{"line":42,"column":42}},"38":{"start":{"line":43,"column":23},"end":{"line":43,"column":68}},"39":{"start":{"line":44,"column":0},"end":{"line":44,"column":40}}},"fnMap":{},"branchMap":{},"s":{"0":1,"1":1,"2":1,"3":1,"4":1,"5":1,"6":1,"7":1,"8":1,"9":1,"10":1,"11":1,"12":1,"13":1,"14":1,"15":1,"16":1,"17":1,"18":1,"19":1,"20":1,"21":1,"22":1,"23":1,"24":1,"25":1,"26":1,"27":1,"28":1,"29":1,"30":1,"31":1,"32":1,"33":1,"34":1,"35":1,"36":1,"37":1,"38":1,"39":1},"f":{},"b":{},"inputSourceMap":{"version":3,"sources":["sql.js"],"names":["findUser","createUser","addTeam","findTeamById","findTeamByName","allTeamsQuery","editTeamQuery","deleteTeamQuery","addFixtureQuery","findFixtureById","allFixturesQuery","editFixtureQuery","deleteFixtureQuery","completedStatusSearch","pendingStatusSearch","hometeamQuery","awayteamQuery","beforeDateQuery","afterDateQuery"],"mappings":";;;;;;AAAO,MAAMA,QAAQ,GAAG,oCAAjB;;AACA,MAAMC,UAAU,GAAG,8FAAnB;;AACA,MAAMC,OAAO,GAAG,kDAAhB;;AACA,MAAMC,YAAY,GAAG,iCAArB;;AACA,MAAMC,cAAc,GAAG,mCAAvB;;AACA,MAAMC,aAAa,GAAG,qBAAtB;;AACA,MAAMC,aAAa,GAAG,sDAAtB;;AACA,MAAMC,eAAe,GAAG,2CAAxB;;AACA,MAAMC,eAAe,GAAG,qIAAxB;;AACA,MAAMC,eAAe,GAAG,oCAAxB;;AACA,MAAMC,gBAAgB,GAAG,wBAAzB;;AACA,MAAMC,gBAAgB,GAAG,gFAAzB;;AACA,MAAMC,kBAAkB,GAAG,8CAA3B;;AACA,MAAMC,qBAAqB,GAAE,wCAA7B;;AACA,MAAMC,mBAAmB,GAAE,4CAA3B;;AACA,MAAMC,aAAa,GAAE,0CAArB;;AACA,MAAMC,aAAa,GAAE,0CAArB;;AACA,MAAMC,eAAe,GAAG,6CAAxB;;AACA,MAAMC,cAAc,GAAG,6CAAvB","sourceRoot":"/Users/user/Documents/Projects/mkb/src/helpers","sourcesContent":["export const findUser = 'SELECT * FROM users WHERE email=$1';\nexport const createUser = 'INSERT INTO users (email, password, firstname, lastname) VALUES ($1, $2, $3, $4) returning *';\nexport const addTeam = 'INSERT INTO teams (name) VALUES ($1) returning *';\nexport const findTeamById = 'SELECT * FROM teams WHERE id=$1';\nexport const findTeamByName = 'SELECT * FROM teams WHERE name=$1';\nexport const allTeamsQuery = 'SELECT * FROM teams';\nexport const editTeamQuery = 'UPDATE teams SET name = $1 WHERE id = $2 returning *';\nexport const deleteTeamQuery = 'DELETE FROM teams WHERE id=$1 returning *';\nexport const addFixtureQuery = 'INSERT INTO fixtures (hometeam,awayteam,hometeamscore,awayteamscore,matchdate,venue,link) VALUES ($1,$2,$3,$4,$5,$6,$7) returning *';\nexport const findFixtureById = 'SELECT * FROM fixtures WHERE id=$1';\nexport const allFixturesQuery = 'SELECT * FROM fixtures';\nexport const editFixtureQuery = 'UPDATE fixtures SET hometeamscore=$1, awayteamscore=$2 WHERE id=$3 returning *';\nexport const deleteFixtureQuery = 'DELETE FROM fixtures WHERE id=$1 returning *';\nexport const completedStatusSearch= 'SELECT * FROM fixtures WHERE completed';\nexport const pendingStatusSearch= 'SELECT * FROM fixtures WHERE NOT completed';\nexport const hometeamQuery= 'SELECT * FROM fixtures WHERE hometeam=$1';\nexport const awayteamQuery= 'SELECT * FROM fixtures WHERE awayteam=$1';\nexport const beforeDateQuery = 'SELECT * FROM fixtures WHERE matchdate < $1';\nexport const afterDateQuery = 'SELECT * FROM fixtures WHERE matchdate > $1';\n"]},"_coverageSchema":"1a1c01bbd47fc00a2c39e90264f33305004495a9","hash":"23a42eebba3dad4c018718631e3d07a2dd812e88","contentHash":"82eaa790a225e6670745c779ccf858e43bae28d12c4e257b713a991b8ecf0d91"},"/Users/user/Documents/Projects/mkb/src/validations/team.js":{"path":"/Users/user/Documents/Projects/mkb/src/validations/team.js","statementMap":{"0":{"start":{"line":3,"column":0},"end":{"line":5,"column":3}},"1":{"start":{"line":6,"column":0},"end":{"line":6,"column":59}},"2":{"start":{"line":8,"column":19},"end":{"line":8,"column":65}},"3":{"start":{"line":10,"column":14},"end":{"line":10,"column":58}},"4":{"start":{"line":12,"column":11},"end":{"line":12,"column":36}},"5":{"start":{"line":14,"column":39},"end":{"line":14,"column":93}},"6":{"start":{"line":22,"column":22},"end":{"line":60,"column":1}},"7":{"start":{"line":25,"column":6},"end":{"line":25,"column":14}},"8":{"start":{"line":26,"column":15},"end":{"line":28,"column":3}},"9":{"start":{"line":29,"column":21},"end":{"line":29,"column":61}},"10":{"start":{"line":31,"column":2},"end":{"line":36,"column":3}},"11":{"start":{"line":32,"column":4},"end":{"line":35,"column":7}},"12":{"start":{"line":38,"column":2},"end":{"line":38,"column":35}},"13":{"start":{"line":40,"column":2},"end":{"line":56,"column":3}},"14":{"start":{"line":43,"column":8},"end":{"line":43,"column":64}},"15":{"start":{"line":45,"column":4},"end":{"line":50,"column":5}},"16":{"start":{"line":46,"column":6},"end":{"line":49,"column":9}},"17":{"start":{"line":52,"column":4},"end":{"line":55,"column":7}},"18":{"start":{"line":58,"column":2},"end":{"line":58,"column":23}},"19":{"start":{"line":59,"column":2},"end":{"line":59,"column":16}},"20":{"start":{"line":69,"column":0},"end":{"line":69,"column":38}},"21":{"start":{"line":71,"column":26},"end":{"line":109,"column":1}},"22":{"start":{"line":74,"column":6},"end":{"line":74,"column":16}},"23":{"start":{"line":75,"column":2},"end":{"line":75,"column":26}},"24":{"start":{"line":81,"column":2},"end":{"line":86,"column":3}},"25":{"start":{"line":82,"column":4},"end":{"line":85,"column":7}},"26":{"start":
[...]
AAhB,CAAqBS,QAArB,CAA8B,QAA9B;AACAhB,MAAAA,GAAG,CAACS,IAAJ,CAASnB,MAAT,CAAgBiB,IAAhB,CAAqBS,QAArB,CAA8B,OAA9B;AACAzB,MAAAA,MAAM,CAACS,GAAG,CAACS,IAAJ,CAASD,MAAV,CAAN,CAAwBI,EAAxB,CAA2BC,KAA3B,CAAiC,GAAjC;AACAtB,MAAAA,MAAM,CAACS,GAAG,CAACS,IAAJ,CAASQ,KAAV,CAAN,CAAuBL,EAAvB,CAA0BF,EAA1B,CAA6BC,EAA7B,CAAgC,QAAhC;AACD,KAZC,CAAF;AAaAZ,IAAAA,EAAE,CAAC,yEAAD,EAA4E,YAAY;AACxF,YAAMC,GAAG,GAAG,MAAMR,cACfS,OADe,CACPC,YADO,EAEfC,IAFe,CAEVR,GAFU,EAGfS,GAHe,CAGX,eAHW,EAGO,UAASR,UAAW,EAH3B,EAIfS,IAJe,CAIVC,qBAAY,CAAZ,CAJU,CAAlB;AAKAN,MAAAA,GAAG,CAACV,MAAJ,CAAWiB,IAAX,CAAgBC,MAAhB,CAAuB,GAAvB;AACAR,MAAAA,GAAG,CAACS,IAAJ,CAASnB,MAAT,CAAgBoB,EAAhB,CAAmBK,CAAnB,CAAqB,QAArB;AACAf,MAAAA,GAAG,CAACS,IAAJ,CAASnB,MAAT,CAAgBiB,IAAhB,CAAqBS,QAArB,CAA8B,QAA9B;AACAhB,MAAAA,GAAG,CAACS,IAAJ,CAASnB,MAAT,CAAgBiB,IAAhB,CAAqBS,QAArB,CAA8B,OAA9B;AACAzB,MAAAA,MAAM,CAACS,GAAG,CAACS,IAAJ,CAASD,MAAV,CAAN,CAAwBI,EAAxB,CAA2BC,KAA3B,CAAiC,GAAjC;AACAtB,MAAAA,MAAM,CAACS,GAAG,CAACS,IAAJ,CAASQ,KAAV,CAAN,CAAuBL,EAAvB,CAA0BF,EAA1B,CAA6BC,EAA7B,CAAgC,QAAhC;AACD,KAZC,CAAF;AAaAZ,IAAAA,EAAE,CAAC,mFAAD,EAAsF,YAAY;AAClG,YAAMC,GAAG,GAAG,MAAMR,cACfS,OADe,CACPC,YADO,EAEfC,IAFe,CAEVR,GAFU,EAGfS,GAHe,CAGX,eAHW,EAGO,UAASR,UAAW,EAH3B,EAIfS,IAJe,CAIVC,qBAAY,CAAZ,CAJU,CAAlB;AAKAN,MAAAA,GAAG,CAACV,MAAJ,CAAWiB,IAAX,CAAgBC,MAAhB,CAAuB,GAAvB;AACAR,MAAAA,GAAG,CAACS,IAAJ,CAASnB,MAAT,CAAgBoB,EAAhB,CAAmBK,CAAnB,CAAqB,QAArB;AACAf,MAAAA,GAAG,CAACS,IAAJ,CAASnB,MAAT,CAAgBiB,IAAhB,CAAqBS,QAArB,CAA8B,QAA9B;AACAhB,MAAAA,GAAG,CAACS,IAAJ,CAASnB,MAAT,CAAgBiB,IAAhB,CAAqBS,QAArB,CAA8B,OAA9B;AACAzB,MAAAA,MAAM,CAACS,GAAG,CAACS,IAAJ,CAASD,MAAV,CAAN,CAAwBI,EAAxB,CAA2BC,KAA3B,CAAiC,GAAjC;AACAtB,MAAAA,MAAM,CAACS,GAAG,CAACS,IAAJ,CAASQ,KAAV,CAAN,CAAuBL,EAAvB,CAA0BF,EAA1B,CAA6BK,CAA7B,CAA+B,QAA/B;AACD,KAZC,CAAF;AAaAhB,IAAAA,EAAE,CAAC,gEAAD,EAAmE,YAAY;AAC7E,YAAMC,GAAG,GAAG,MAAMR,cAAKS,OAAL,CAAaC,YAAb,EACfC,IADe,CACVR,GADU,CAAlB;AAEAK,MAAAA,GAAG,CAACV,MAAJ,CAAWiB,IAAX,CAAgBC,MAAhB,CAAuB,GAAvB;AACAR,MAAAA,GAAG,CAACS,IAAJ,CAASnB,MAAT,CAAgBoB,EAAhB,CAAmBC,EAAnB,CAAsB,QAAtB;AACApB,MAAAA,MAAM,CAACS,GAAG,CAACS,IAAJ,CAASD,MAAV,CAAN,CAAwBI,EAAxB,CAA2BC,KAA3B,CAAiC,GAAjC;AACAtB,MAAAA,MAAM,CAACS,GAAG,CAACS,IAAJ,CAASQ,KAAV,CAAN,CAAuBL,EAAvB,CAA0BF,EAA1B,CAA6BG,KAA7B,CAAmC,mBAAnC;AACD,KAPD,CAAF;AASAd,IAAAA,EAAE,CAAC,gEAAD,EAAmE,YAAY;AAC7E,YAAMC,GAAG,GAAG,MAAMR,cAAKS,OAAL,CAAaC,YAAb,EACfC,IADe,CACVR,GADU,EAEfS,GAFe,CAEX,eAFW,EAEM,UAASP,SAAU,EAFzB,CAAlB;AAGAG,MAAAA,GAAG,CAACV,MAAJ,CAAWiB,IAAX,CAAgBC,MAAhB,CAAuB,GAAvB;AACAR,MAAAA,GAAG,CAACS,IAAJ,CAASnB,MAAT,CAAgBoB,EAAhB,CAAmBC,EAAnB,CAAsB,QAAtB;AACApB,MAAAA,MAAM,CAACS,GAAG,CAACS,IAAJ,CAASD,MAAV,CAAN,CAAwBI,EAAxB,CAA2BC,KAA3B,CAAiC,GAAjC;AACAtB,MAAAA,MAAM,CAACS,GAAG,CAACS,IAAJ,CAASQ,KAAV,CAAN,CAAuBL,EAAvB,CAA0BF,EAA1B,CAA6BG,KAA7B,CAAmC,kDAAnC;AACD,KARD,CAAF;AASC,GAzFK,CAAR;AA2FEf,EAAAA,QAAQ,CAAC,qBAAD,EAAwB,MAAM;AAClC;AACAC,IAAAA,EAAE,CAAC,oDAAD,EAAuD,YAAY;AACnE,YAAMC,GAAG,GAAG,MAAMR,cAAKS,OAAL,CAAaC,YAAb,EACfgB,GADe,CACXvB,GADW,EAEfS,GAFe,CAEX,eAFW,EAEO,UAASR,UAAW,EAF3B,CAAlB;AAGAI,MAAAA,GAAG,CAACV,MAAJ,CAAWiB,IAAX,CAAgBC,MAAhB,CAAuB,GAAvB;AACAR,MAAAA,GAAG,CAACS,IAAJ,CAASnB,MAAT,CAAgBoB,EAAhB,CAAmBC,EAAnB,CAAsB,QAAtB;AACApB,MAAAA,MAAM,CAACS,GAAG,CAACS,IAAJ,CAASD,MAAV,CAAN,CAAwBI,EAAxB,CAA2BC,KAA3B,CAAiC,GAAjC;AACAtB,MAAAA,MAAM,CAACS,GAAG,CAACS,IAAJ,CAASK,IAAV,CAAN,CAAsBF,EAAtB,CAAyBF,EAAzB,CAA4BK,CAA5B,CAA8B,OAA9B;AACD,KARC,CAAF;AAUAhB,IAAAA,EAAE,CAAC,sDAAD,EAAyD,YAAY;AACnE,YAAMC,GAAG,GAAG,MAAMR,cAAKS,OAAL,CAAaC,YAAb,EACfgB,GADe,CACX,iBADW,EAEfd,GAFe,CAEX,eAFW,EAEO,UAASR,UAAW,EAF3B,CAAlB;AAGAI,MAAAA,GAAG,CAACV,MAAJ,CAAWiB,IAAX,CAAgBC,MAAhB,CAAuB,GAAvB;AACAR,MAAAA,GAAG,CAACS,IAAJ,CAASnB,MAAT,CAAgBoB,EAAhB,CAAmBC,EAAnB,CAAsB,QAAtB;AACApB,MAAAA,MAAM,CAACS,GAAG,CAACS,IAAJ,CAASD,MAAV,CAAN,CAAwBI,EAAxB,CAA2BC,KAA3B,CAAiC,GAAjC;AACAtB,MAAAA,MAAM,CAACS,GAAG,CAACS,IAAJ,CAASK,IAAV,CAAN,CAAsBF,EAAtB,CAAyBF,EAAzB,CAA4BK,CAA5B,CAA8B,QAA9B;AACD,KARD,CAAF;AAUEhB,IAAAA,EAAE,CAAC,0DAAD,EAA6D,YAAY;AACzE,YAAMC,GAAG,GAAG,MAAMR,cAAKS,OAAL,CAAaC,YAAb,EACfgB,GADe,CACX,gBADW,CAAlB;AAEAlB,MAAAA,GAAG,CAACV,MAAJ,CAAWiB,IAAX,CAAgBC,MAAhB,CAAuB,GAAvB;AACAR,MAAAA,GAAG,CAACS,IAAJ,CAASnB,MAAT,CAAgBoB,EAAhB,CAAmBC,EAAnB,CAAsB,QAAtB;AACApB,MAAAA,MAAM,CAACS,GAAG,CAACS,IAAJ,CAASD,MAAV,CAAN,CAAwBI,EAAxB,CAA2BC,KAA3B,CAAiC,GAAjC;AACAtB,MAAAA,MAAM,CAACS,GAAG,CAACS,IAAJ,CAASK,IAAV,CAAN,CAAsBF,EAAtB,CAAyBF,EAAzB,CAA4BK,CAA5B,CAA8B,OAA9B;AACD,KAPC,CAAF;AASAhB,IAAAA,EAAE,CAAC,wDAAD,EAA2D,YAAY;AACvE,YAAMC,GAAG,GAAG,MAAMR,cAAKS,OAAL,CAAaC,YAAb,EACfgB,GADe,CACX,cADW,CAAlB;AAEAlB,MAAAA,GAAG,CAACV,MAAJ,CAAWiB,IAAX,CAAgBC,MAAhB,CAAuB,GAAvB;AACAR,MAAAA,GAAG,CAACS,IAAJ,CAASnB,MAAT,CAAgBoB,EAAhB,CAAmBC,EAAnB,CAAsB,QAAtB;AACApB,MAAAA,MAAM,CAACS,GAAG,CAACS,IAAJ,CAASD,MAAV,CAAN,CAAwBI,EAAxB,CAA2BC,KAA3B,CAAiC,GAAjC;AACAtB,MAAAA,MAAM,CAACS,GAAG,CAACS,IAAJ,CAASK,IAAV,CAAN,CAAsBF,EAAtB,CAAyBF,EAAzB,CAA4BK,CAA5B,CAA8B,OAA9B;AACD,KAPC,CAAF,CA/BgC,CAwChC;;AACAhB,IAAAA,EAAE,CAAC,kDAAD,EAAqD,YAAY;AACjE,YAAMC,GAAG,GAAG,MAAMR,cAAKS,OAAL,CAAaC,YAAb,EACfiB,KADe,CACT,iBADS,EAEff,GAFe,CAEX,eAFW,EAEO,UAASR,UAAW,EAF3B,EAGfS,IAHe,CAGV;AAACe,QAAAA,aAAa,EAAE,CAAhB;AAAmBC,QAAAA,aAAa,EAAE,CAAlC;AAAqCC,QAAAA,EAAE,EAAE;AAAzC,OAHU,CAAlB;AAIAtB,MAAAA,GAAG,CAACV,MAAJ,CAAWiB,IAAX,CAAgBC,MAAhB,CAAuB,GAAvB;AACAR,MAAAA,GAAG,CAACS,IAAJ,CAASnB,MAAT,CAAgBoB,EAAhB,CAAmBC,EAAnB,CAAsB,QAAtB;AACApB,MAAAA,MAAM,CAACS,GAAG,CAACS,IAAJ,CAASD,MAAV,CAAN,CAAwBI,EAAxB,CAA2BC,KAA3B,CAAiC,GAAjC;AACAtB,MAAAA,MAAM,CAACS,GAAG,CAACS,IAAJ,CAASK,IAAV,CAAN,CAAsBF,EAAtB,CAAyBF,EAAzB,CAA4BK,CAA5B,CAA8B,QAA9B;AACD,KATC,CAAF;AAWAhB,IAAAA,EAAE,CAAC,qEAAD,EAAwE,YAAY;AACpF,YAAMC,GAAG,GAAG,MAAMR,cAAKS,OAAL,CAAaC,YAAb,EACfiB,KADe,CACT,iBADS,EAEff,GAFe,CAEX,eAFW,EAEO,UAASP,SAAU,EAF1B,EAGfQ,IAHe,CAGV;AAACe,QAAAA,aAAa,EAAE,CAAhB;AAAmBC,QAAAA,aAAa,EAAE,CAAlC;AAAqCC,QAAAA,EAAE,EAAE;AAAzC,OAHU,CAAlB;AAIEtB,MAAAA,GAAG,CAACV,MAAJ,CAAWiB,IAAX,CAAgBC,MAAhB,CAAuB,GAAvB;AACAR,MAAAA,GAAG,CAACS,IAAJ,CAASnB,MAAT,CAAgBoB,EAAhB,CAAmBC,EAAnB,CAAsB,QAAtB;AACApB,MAAAA,MAAM,CAACS,GAAG,CAACS,IAAJ,CAASD,MAAV,CAAN,CAAwBI,EAAxB,CAA2BC,KAA3B,CAAiC,GAAjC;AACAtB,MAAAA,MAAM,CAACS,GAAG,CAACS,IAAJ,CAASQ,KAAV,CAAN,CAAuBL,EAAvB,CAA0BF,EAA1B,CAA6BG,KAA7B,CAAmC,kDAAnC;AACH,KATC,CAAF,CApDgC,CA+DhC;;AACAd,IAAAA,EAAE,CAAC,kDAAD,EAAqD,YAAY;AACjE,YAAMC,GAAG,GAAG,MAAMR,cAAKS,OAAL,CAAaC,YAAb,EACfqB,MADe,CACR,iBADQ,EAEfnB,GAFe,CAEX,eAFW,EAEO,UAASR,UAAW,EAF3B,CAAlB;AAGAI,MAAAA,GAAG,CAACV,MAAJ,CAAWiB,IAAX,CAAgBC,MAAhB,CAAuB,GAAvB;AACAR,MAAAA,GAAG,CAACS,IAAJ,CAASnB,MAAT,CAAgBoB,EAAhB,CAAmBC,EAAnB,CAAsB,QAAtB;AACApB,MAAAA,MAAM,CAACS,GAAG,CAACS,IAAJ,CAASD,MAAV,CAAN,CAAwBI,EAAxB,CAA2BC,KAA3B,CAAiC,GAAjC;AACAtB,MAAAA,MAAM,CAACS,GAAG,CAACS,IAAJ,CAASK,IAAV,CAAN,CAAsBF,EAAtB,CAAyBF,EAAzB,CAA4BK,CAA5B,CAA8B,QAA9B;AACD,KARC,CAAF;AASL,GAzEO,CAAR;AA0EH,CAvKO,CAAR","sourceRoot":"/Users/user/Documents/Projects/mkb/src/tests","sourcesContent":["import chai from 'chai';\nimport chaiHttp from 'chai-http';\nimport app from './../app';\n\nimport { fixtureData } from './mockData/fixture';\n\n\n\nconst { should, expect } = chai;\nshould();\n\nchai.use(chaiHttp);\n\nconst url = '/api/fixtures';\n//const loginUrl = '/api/login';\nlet adminToken= 'eyJhbGciOiJIUzI1NiIsInR5cCI6IkpXVCJ9.eyJwYXlsb2FkIjp7ImlkIjoxLCJlbWFpbCI6ImFkbWluQGdtYWlsLmNvbSIsInBhc3N3b3JkIjoiJDJhJDEwJGVWTE8xUUptSmR1OC81bUU5VlFZU3VGWG92MnZXMTZ3Q21OT21lblE4cFNPRy9QL1FKbHZDIiwiZmlyc3RuYW1lIjoiYWRtaW5maXJzdCIsImxhc3RuYW1lIjoiYWRtaW5sYXN0IiwiaXNfYWRtaW4iOnRydWUsImNyZWF0ZWRvbiI6IjIwMjAtMDItMDVUMTY6NTk6MTkuNDYzWiJ9LCJpYXQiOjE1ODA5MjMxNDR9.okTk92hzU73TcJvcS8Is63blNy2M7uMMCWTuo8nLfTE';\nlet userToken='eyJhbGciOiJIUzI1NiIsInR5cCI6IkpXVCJ9.eyJwYXlsb2FkIjp7ImlkIjo1LCJlbWFpbCI6InVzZXJ0d29AZ21haWwuY29tIiwicGFzc3dvcmQiOiIkMmEkMTAkZVZMTzFRSm1KZHU4LzVtRTlWUVlTdUZYb3YydlcxNndDbU5PbWVuUThwU09HL1AvUUpsdkMiLCJmaXJzdG5hbWUiOiJ1c2VydGhyZWUiLCJsYXN0bmFtZSI6Imxhc3R0aHJlZSIsImlzX2FkbWluIjpmYWxzZSwiY3JlYXRlZG9uIjoiMjAyMC0wMi0wNVQxNjo1OToxOS40NjNaIn0sImlhdCI6MTU4MDkyMzIxNX0.5eguJOJH26-oV9iQ9fRWkbQbUM9WL8VWZLr7vWhzN1E';\n\n\ndescribe('Test for fixture route', () => {\n\n  describe('Test for create API', () => {\n    it('Should return 201 status code and create new fixture', async () => {\n      const res = await chai.request(app)\n        .post(url)\n        .set('authorization', `Bearer ${adminToken}`)\n        .send(fixtureData[0]);\n      res.should.have.status(201);\n      res.body.should.be.an('object');\n      expect(res.body.status).to.equal(201);\n      expect(res.body.data).to.be.a('object');\n    });\n    it('Should return 201 status code and create another fixture', async () => {\n      const res = await chai.request(app)\n        .post(url)\n        .set('authorization', `Bearer ${adminToken}`)\n        .send(fixtureData[1]);\n      res.should.have.status(201);\n      res.body.should.be.an('object');\n      expect(res.body.status).to.equal(201);\n      expect(res.body.data).to.be.a('object');\n    });\n\n    it('Should return 201 status code and create another fixture', async () => {\n      const res = await chai.request(app)\n        .post(url)\n        .set('authorization', `Bearer ${adminToken}`)\n        .send(fixtureData[2]);\n      res.should.have.status(201);\n      res.body.should.be.an('object');\n      expect(res.body.status).to.equal(201);\n      expect(res.body.data).to.be.a('object');\n    });\n    it('should return status code 400 and send error message for home team name missing', async () => {\n      const res = await chai\n        .request(app)\n        .post(url)\n        .set('authorization', `Bearer ${adminToken}`)\n        .send(fixtureData[3]);\n      res.should.have.status(400);\n      res.body.should.be.a('object');\n      res.body.should.have.property('status');\n      res.body.should.have.property('error');\n      expect(res.body.status).to.equal(400);\n      expect(res.body.error).to.be.an('object');\n    });\n    it('should return status code 400 and send error message for away team name', async () => {\n      const res = await chai\n        .request(app)\n        .post(url)\n        .set('authorization', `Bearer ${adminToken}`)\n        .send(fixtureData[4]);\n      res.should.have.status(400);\n      res.body.should.be.a('object');\n      res.body.should.have.property('status');\n      res.body.should.have.property('error');\n      expect(res.body.status).to.equal(400);\n      expect(res.body.error).to.be.an('object');\n    });\n    it('should return status code 400 and send error message for string as hometeam score', async () => {\n      const res = await chai\n        .request(app)\n        .post(url)\n        .set('authorization', `Bearer ${adminToken}`)\n        .send(fixtureData[5]);\n      res.should.have.status(400);\n      res.body.should.be.a('object');\n      res.body.should.have.property('status');\n      res.body.should.have.property('error');\n      expect(res.body.status).to.equal(400);\n      expect(res.body.error).to.be.a('string');\n    });\n    it('Should return 403 status code not create fixture without token', async () => {\n        const res = await chai.request(app)\n          .post(url)\n        res.should.have.status(403);\n        res.body.should.be.an('object');\n        expect(res.body.status).to.equal(403);\n        expect(res.body.error).to.be.equal('No token supplied');\n      });\n\n    it('Should return 401 status code not create fixture for non-admin', async () => {\n        const res = await chai.request(app)\n          .post(url)\n          .set('authorization',`Bearer ${userToken}`);\n        res.should.have.status(401);\n        res.body.should.be.an('object');\n        expect(res.body.status).to.equal(401);\n        expect(res.body.error).to.be.equal('You do not have permissions to access this route');\n      });\n    });\n\n    describe('Test for other APIs', () => {\n        // GET ROUTES\n        it('Should return 200 status code and get all fixtures', async () => {\n          const res = await chai.request(app)\n            .get(url)\n            .set('authorization', `Bearer ${adminToken}`)\n          res.should.have.status(200);\n          res.body.should.be.an('object');\n          expect(res.body.status).to.equal(200);\n          expect(res.body.data).to.be.a('array');\n        });\n\n        it('Should return 200 status code and get single fixture', async () => {\n            const res = await chai.request(app)\n              .get('/api/fixtures/1')\n              .set('authorization', `Bearer ${adminToken}`)\n            res.should.have.status(200);\n            res.body.should.be.an('object');\n            expect(res.body.status).to.equal(200);\n            expect(res.body.data).to.be.a('object');\n          });\n\n          it('Should return 200 status code and get completed fixtures', async () => {\n            const res = await chai.request(app)\n              .get('/api/completed')\n            res.should.have.status(200);\n            res.body.should.be.an('object');\n            expect(res.body.status).to.equal(200);\n            expect(res.body.data).to.be.a('array');\n          });\n\n          it('Should return 200 status code and get pending fixtures', async () => {\n            const res = await chai.request(app)\n              .get('/api/pending')\n            res.should.have.status(200);\n            res.body.should.be.an('object');\n            expect(res.body.status).to.equal(200);\n            expect(res.body.data).to.be.a('array');\n          });\n\n          //PATCH ROUTE\n          it('Should return 200 status code and update fixture', async () => {\n            const res = await chai.request(app)\n              .patch('/api/fixtures/1')\n              .set('authorization', `Bearer ${adminToken}`)\n              .send({hometeamscore: 1, awayteamscore: 1, id: 1});\n            res.should.have.status(200);\n            res.body.should.be.an('object');\n            expect(res.body.status).to.equal(200);\n            expect(res.body.data).to.be.a('string');\n          });\n\n          it('Should return 401 status code and not update fixture for non-admins', async () => {\n            const res = await chai.request(app)\n              .patch('/api/fixtures/1')\n              .set('authorization', `Bearer ${userToken}`)\n              .send({hometeamscore: 1, awayteamscore: 1, id: 1});\n              res.should.have.status(401);\n              res.body.should.be.an('object');\n              expect(res.body.status).to.equal(401);\n              expect(res.body.error).to.be.equal('You do not have permissions to access this route');\n          });\n\n          // DELETE\n          it('Should return 200 status code and DELETE fixture', async () => {\n            const res = await chai.request(app)\n              .delete('/api/fixtures/8')\n              .set('authorization', `Bearer ${adminToken}`)\n            res.should.have.status(200);\n            res.body.should.be.an('object');\n            expect(res.body.status).to.equal(200);\n            expect(res.body.data).to.be.a('string');\n          });\n    })\n});\n\n\n"]},"_coverageSchema":"1a1c01bbd47fc00a2c39e90264f33305004495a9","hash":"7f6c1f4cb251ebd5f8fe4228dd6bc218f5c331f7","contentHash":"6fa766fb8ad2adba05c06e1044957effa18f5a37960491e0ff98f49fca3c804d"},"/Users/user/Documents/Projects/mkb/src/tests/mockData/fixture.js":{"path":"/Users/user/Documents/Projects/mkb/src/tests/mockData/fixture.js","statementMap":{"0":{"start":{"line":3,"column":0},"end":{"line":5,"column":3}},"1":{"start":{"line":6,"column":0},"end":{"line":6,"column":29}},"2":{"start":{"line":7,"column":13},"end":{"line":7,"column":110}},"3":{"start":{"line":8,"column":20},"end":{"line":89,"column":2}},"4":{"start":{"line":90,"column":0},"end":{"line":90,"column":34}}},"fnMap":{},"branchMap":{},"s":{"0":1,"1":1,"2":1,"3":1,"4":1},"f":{},"b":{},"inputSourceMap":{"version":3,"sources":["fixture.js"],"names":["link","fixtureData","hometeam","awayteam","hometeamscore","awayteamscore","matchdate","venue","completed"],"mappings":";;;;;;AAAA,MAAMA,IAAI,GAAC,iGAAX;AAEO,MAAMC,WAAW,GAAG,CACzB;AACIC,EAAAA,QAAQ,EAAC,aADb;AAEIC,EAAAA,QAAQ,EAAC,iBAFb;AAGIC,EAAAA,aAAa,EAAC,GAHlB;AAIIC,EAAAA,aAAa,EAAC,GAJlB;AAKIC,EAAAA,SAAS,EAAC,YALd;AAMIC,EAAAA,KAAK,EAAC,gBANV;AAOIP,EAAAA,IAPJ;AAQIQ,EAAAA,SAAS,EAAC;AARd,CADyB,EAWzB;AACIN,EAAAA,QAAQ,EAAC,iBADb;AAEIC,EAAAA,QAAQ,EAAC,aAFb;AAGIC,EAAAA,aAAa,EAAC,GAHlB;AAIIC,EAAAA,aAAa,EAAC,GAJlB;AAKIC,EAAAA,SAAS,EAAC,YALd;AAMIC,EAAAA,KAAK,EAAC,eANV;AAOIP,EAAAA,IAPJ;AAQIQ,EAAAA,SAAS,EAAC;AARd,CAXyB,EAqBzB;AAACN,EAAAA,QAAQ,EAAC,iBAAV;AACAC,EAAAA,QAAQ,EAAC,YADT;AAEAC,EAAAA,aAAa,EAAC,GAFd;AAGAC,EAAAA,aAAa,EAAC,GAHd;AAIAC,EAAAA,SAAS,EAAC,YAJV;AAKAC,EAAAA,KAAK,EAAC,iBALN;AAMAP,EAAAA,IANA;AAOAQ,EAAAA,SAAS,EAAC;AAPV,CArByB,EA8BzB;AAACN,EAAAA,QAAQ,EAAC,EAAV;AAAcC,EAAAA,QAAQ,EAAC,YAAvB;AAAqCC,EAAAA,aAAa,EAAC,CAAnD;AAAsDC,EAAAA,aAAa,EAAC,CAApE;AAAuEC,EAAAA,SAAS,EAAC,YAAjF;AAA+FC,EAAAA,KAAK,EAAC,iBAArG;AAAuHP,EAAAA,IAAvH;AAA6HQ,EAAAA,SAAS,EAAC;AAAvI,CA9ByB,EA+BzB;AAACN,EAAAA,QAAQ,EAAC,YAAV;AAAwBC,EAAAA,QAAQ,EAAC,EAAjC;AAAqCC,EAAAA,aAAa,EAAC,CAAnD;AAAsDC,EAAAA,aAAa,EAAC,CAApE;AAAuEC,EAAAA,SAAS,EAAC,YAAjF;AAA+FC,EAAAA,KAAK,EAAC,iBAArG;AAAuHP,EAAAA,IAAvH;AAA6HQ,EAAAA,SAAS,EAAC;AAAvI,CA/ByB,EAgCzB;AAACN,EAAAA,QAAQ,EAAC,kBAAV;AAA8BC,EAAAA,QAAQ,EAAC,YAAvC;AAAqDC,EAAAA,aAAa,EAAC,GAAnE;AAAwEC,EAAAA,aAAa,EAAC,CAAtF;AAAyFC,EAAAA,SAAS,EAAC,YAAnG;AAAiHC,EAAAA,KAAK,EAAC,iBAAvH;AAAyIP,EAAAA,IAAzI;AAA+IQ,EAAAA,SAAS,EAAC;AAAzJ,CAhCyB,EAiCzB;AAACN,EAAAA,QAAQ,EAAC,WAAV;AAAuBC,EAAAA,QAAQ,EAAC,kBAAhC;AAAoDC,EAAAA,aAAa,EAAC,CAAlE;AAAqEC,EAAAA,aAAa,EAAC,CAAnF;AAAsFC,EAAAA,SAAS,EAAC,YAAhG;AAA8GC,EAAAA,KAAK,EAAC,iBAApH;AAAsIP,EAAAA,IAAtI;AAA4IQ,EAAAA,SAAS,EAAC;AAAtJ,CAjCyB,EAkCzB;AAACN,EAAAA,QAAQ,EAAC,WAAV;AAAuBC,EAAAA,QAAQ,EAAC,YAAhC;AAA8CC,EAAAA,aAAa,EAAC,CAA5D;AAA+DC,EAAAA,aAAa,EAAC,CAA7E;AAAgFC,EAAAA,SAAS,EAAC,YAA1F;AAAwGC,EAAAA,KAAK,EAAC,iBAA9G;AAAgIP,EAAAA,IAAhI;AAAsIQ,EAAAA,SAAS,EAAC;AAAhJ,CAlCyB,EAmCzB;AAACN,EAAAA,QAAQ,EAAC,WAAV;AAAuBC,EAAAA,QAAQ,EAAC,WAAhC;AAA6CC,EAAAA,aAAa,EAAC,CAA3D;AAA8DC,EAAAA,aAAa,EAAC,CAA5E;AAA+EC,EAAAA,SAAS,EAAC,YAAzF;AAAuGC,EAAAA,KAAK,EAAC,iBAA7G;AAA+HP,EAAAA,IAA/H;AAAqIQ,EAAAA,SAAS,EAAC;AAA/I,CAnCyB,CAApB","sourceRoot":"/Users/user/Documents/Projects/mkb/src/tests/mockData","sourcesContent":["const link='https://mockpremierleague/api/fixtures/330e0f3f-cf36-48f7-988b-17620218eece0rl5l8mkyydbdc5c550b'\n\nexport const fixtureData = [\n  {\n      hometeam:'Temitayo FC', \n      awayteam:'Liveeasy United', \n      hometeamscore:'4', \n      awayteamscore:'2',\n      matchdate:'2020-01-19', \n      venue:'temitayo pitch', \n      link, \n      completed:true\n },\n  {\n      hometeam:'Liveeasy United', \n      awayteam:'Temitayo FC', \n      hometeamscore:'3', \n      awayteamscore:'5', \n      matchdate:'2020-01-12', \n      venue:'liveasy pitch',\n      link, \n      completed:true,\n    },\n  {hometeam:'Liveeasy United', \n  awayteam:'Slayers FC', \n  hometeamscore:'0', \n  awayteamscore:'0', \n  matchdate:'2020-01-11', \n  venue:'lasisi trafford',\n  link, \n  completed:false\n},\n  {hometeam:'', awayteam:'Slayers FC', hometeamscore:2, awayteamscore:0, matchdate:'2020-02-09', venue:'lasisi trafford',link, completed:false},\n  {hometeam:'Slayers FC', awayteam:'', hometeamscore:2, awayteamscore:0, matchdate:'2020-02-10', venue:'lasisi trafford',link, completed:false},\n  {hometeam:'Bayer Leverkusen', awayteam:'Slayers FC', hometeamscore:'2', awayteamscore:0, matchdate:'2020-02-11', venue:'lasisi trafford',link, completed:false},\n  {hometeam:'Lasisi FC', awayteam:'Bayer Leverkusen', hometeamscore:2, awayteamscore:0, matchdate:'2020-02-12', venue:'lasisi trafford',link, completed:true},\n  {hometeam:'Urlich FC', awayteam:'Slayers FC', hometeamscore:2, awayteamscore:0, matchdate:'2020-02-13', venue:'lasisi trafford',link, completed:false},\n  {hometeam:'Lasisi FC', awayteam:'Urlich FC', hometeamscore:2, awayteamscore:0, matchdate:'2020-02-14', venue:'lasisi trafford',link, completed:true},\n]"]},"_coverageSchema":"1a1c01bbd47fc00a2c39e90264f33305004495a9","hash":"b0dcf4d8cac775e0ee9ff7641426a242d5e301bd","contentHash":"fa6b21b459e8dfdfff6b05f9702121625d5fcbbc820b1aa0121aa043038935e7"}}